<?xml version="1.0" encoding="utf-8"?><testsuites name="pytest tests"><testsuite name="pytest" errors="0" failures="1" skipped="0" tests="11" time="2.918" timestamp="2026-08-22T19:22:21.503886+00:00" hostname="agent-env-35314b90-7fa0-45fe-8019-12ee022e88b0"><testcase classname="tests.test_command_center.TestCommandCenter" name="test_requires_auth" time="0.893" /><testcase classname="tests.test_command_center.TestCommandCenter" name="test_structure" time="0.539" /><testcase classname="tests.test_command_center.TestCommandCenter" name="test_stats_consistency" time="0.162" /><testcase classname="tests.test_command_center.TestCommandCenter" name="test_schedule_items_fields_and_sorting" time="0.072" /><testcase classname="tests.test_command_center.TestCommandCenter" name="test_assignments_to_grade_fields" time="0.068" /><testcase classname="tests.test_command_center.TestCommandCenter" name="test_at_risk_fields" time="0.064" /><testcase classname="tests.test_command_center.TestCommandCenter" name="test_recommendations_fields" time="0.069" /><testcase classname="tests.test_command_center.TestClassScheduleFields" name="test_create_with_schedule_and_persist" time="0.112" /><testcase classname="tests.test_command_center.TestClassScheduleFields" name="test_update_schedule_persist" time="0.169" /><testcase classname="tests.test_command_center.TestClassScheduleFields" name="test_create_with_empty_string_period_frontend_payload" time="0.055"><failure message="AssertionError: blank schedule payload rejected: 422 {&quot;detail&quot;:[{&quot;type&quot;:&quot;int_parsing&quot;,&quot;loc&quot;:[&quot;body&quot;,&quot;period&quot;],&quot;msg&quot;:&quot;Input should be a valid integer, unable to parse string as an integer&quot;,&quot;input&quot;:&quot;&quot;,&quot;url&quot;:&quot;https://errors.pydantic.dev/2.12/v/int_parsing&quot;}]}&#10;assert 422 in (200, 201)&#10; +  where 422 = &lt;Response [422]&gt;.status_code">E   AssertionError: blank schedule payload rejected: 422 {"detail":[{"type":"int_parsing","loc":["body","period"],"msg":"Input should be a valid integer, unable to parse string as an integer","input":"","url":"https://errors.pydantic.dev/2.12/v/int_parsing"}]}
    assert 422 in (200, 201)
     +  where 422 = &lt;Response [422]&gt;.status_code</failure></testcase><testcase classname="tests.test_command_center.TestClassScheduleFields" name="test_new_class_appears_in_command_center_schedule" time="0.637" /></testsuite></testsuites>