<?xml version="1.0" encoding="utf-8"?><testsuites name="pytest tests"><testsuite name="pytest" errors="0" failures="0" skipped="0" tests="11" time="2.919" timestamp="2026-02-26T21:46:02.870218+00:00" hostname="agent-env-0e21b34c-40b3-45de-98a6-46f71a9808e8"><testcase classname="backend.tests.test_play_to_learn_fill_blank.TestFillBlankFormat" name="test_fill_blank_session_exists" time="0.180" /><testcase classname="backend.tests.test_play_to_learn_fill_blank.TestFillBlankFormat" name="test_fill_blank_sentence_format" time="0.184" /><testcase classname="backend.tests.test_play_to_learn_fill_blank.TestFillBlankFormat" name="test_fill_blank_single_word_answers" time="0.177" /><testcase classname="backend.tests.test_play_to_learn_fill_blank.TestFillBlankFormat" name="test_fill_blank_hint_format" time="0.245" /><testcase classname="backend.tests.test_play_to_learn_fill_blank.TestPracticeInsights" name="test_insights_endpoint_exists" time="0.272" /><testcase classname="backend.tests.test_play_to_learn_fill_blank.TestPracticeInsights" name="test_insights_has_participant_count" time="0.310" /><testcase classname="backend.tests.test_play_to_learn_fill_blank.TestPracticeInsights" name="test_insights_has_session_count" time="0.280" /><testcase classname="backend.tests.test_play_to_learn_fill_blank.TestPracticeInsights" name="test_insights_has_answers_count" time="0.256" /><testcase classname="backend.tests.test_play_to_learn_fill_blank.TestPracticeInsights" name="test_insights_has_accuracy" time="0.362" /><testcase classname="backend.tests.test_play_to_learn_fill_blank.TestPracticeInsights" name="test_insights_has_game_type_breakdown" time="0.288" /><testcase classname="backend.tests.test_play_to_learn_fill_blank.TestPracticeInsights" name="test_insights_has_most_missed_items" time="0.298" /></testsuite></testsuites>