<?xml version="1.0" encoding="utf-8"?><testsuites name="pytest tests"><testsuite name="pytest" errors="0" failures="0" skipped="0" tests="6" time="47.473" timestamp="2026-02-25T01:17:02.983929+00:00" hostname="agent-env-65f15c03-cf23-42df-ac40-3243ec2303de"><testcase classname="backend.tests.test_banned_tokens_regeneration.TestBannedTokensRegeneration" name="test_true_false_no_banned_tokens" time="3.505" /><testcase classname="backend.tests.test_banned_tokens_regeneration.TestBannedTokensRegeneration" name="test_consecutive_regenerations_no_banned_tokens" time="17.991" /><testcase classname="backend.tests.test_banned_tokens_regeneration.TestBannedTokensRegeneration" name="test_regeneration_returns_new_questions" time="2.790" /><testcase classname="backend.tests.test_banned_tokens_regeneration.TestBannedTokensRegeneration" name="test_three_consecutive_play_again_different_questions" time="19.628" /><testcase classname="backend.tests.test_banned_tokens_regeneration.TestBannedTokensRegeneration" name="test_error_handling_nonexistent_game" time="0.140" /><testcase classname="backend.tests.test_banned_tokens_regeneration.TestBannedTokensRegeneration" name="test_question_structure_valid" time="3.358" /></testsuite></testsuites>