<?xml version="1.0" encoding="utf-8"?><testsuites name="pytest tests"><testsuite name="pytest" errors="0" failures="3" skipped="15" tests="18" time="7.728" timestamp="2026-02-27T01:03:09.461349+00:00" hostname="agent-env-5c35ca6d-07f0-4a57-86a4-01532ef65972"><testcase classname="backend.tests.test_word_search_scoring_bugs.TestWordSearchScoringBugFixes" name="test_01_create_word_search_assignment_and_session" time="0.852"><failure message="AssertionError: Failed to create assignment: {&quot;detail&quot;:&quot;Invalid credentials&quot;}&#10;assert 401 == 200&#10; +  where 401 = &lt;Response [401]&gt;.status_code">backend/tests/test_word_search_scoring_bugs.py:56: in test_01_create_word_search_assignment_and_session
    assert response.status_code == 200, f"Failed to create assignment: {response.text}"
E   AssertionError: Failed to create assignment: {"detail":"Invalid credentials"}
E   assert 401 == 200
E    +  where 401 = &lt;Response [401]&gt;.status_code</failure></testcase><testcase classname="backend.tests.test_word_search_scoring_bugs.TestWordSearchScoringBugFixes" name="test_02_verify_word_search_game_payload_structure" time="0.349"><skipped type="pytest.skip" message="No session_id from previous test">/app/backend/tests/test_word_search_scoring_bugs.py:90: No session_id from previous test</skipped></testcase><testcase classname="backend.tests.test_word_search_scoring_bugs.TestWordSearchScoringBugFixes" name="test_03_join_session_as_participant" time="0.359"><skipped type="pytest.skip" message="No session_id from previous test">/app/backend/tests/test_word_search_scoring_bugs.py:121: No session_id from previous test</skipped></testcase><testcase classname="backend.tests.test_word_search_scoring_bugs.TestWordSearchScoringBugFixes" name="test_04_word_search_answer_validation_correct_word" time="0.383"><skipped type="pytest.skip" message="Missing session_id, participant_id, or hints from previous tests">/app/backend/tests/test_word_search_scoring_bugs.py:149: Missing session_id, participant_id, or hints from previous tests</skipped></testcase><testcase classname="backend.tests.test_word_search_scoring_bugs.TestWordSearchScoringBugFixes" name="test_05_word_search_answer_validation_lowercase" time="0.370"><skipped type="pytest.skip" message="Missing data or not enough hints">/app/backend/tests/test_word_search_scoring_bugs.py:187: Missing data or not enough hints</skipped></testcase><testcase classname="backend.tests.test_word_search_scoring_bugs.TestWordSearchScoringBugFixes" name="test_06_submit_all_remaining_words" time="0.355"><skipped type="pytest.skip" message="Missing data from previous tests">/app/backend/tests/test_word_search_scoring_bugs.py:223: Missing data from previous tests</skipped></testcase><testcase classname="backend.tests.test_word_search_scoring_bugs.TestWordSearchScoringBugFixes" name="test_07_complete_session_total_questions_equals_words_count" time="0.463"><skipped type="pytest.skip" message="Missing session_id or participant_id">/app/backend/tests/test_word_search_scoring_bugs.py:257: Missing session_id or participant_id</skipped></testcase><testcase classname="backend.tests.test_word_search_scoring_bugs.TestWordSearchScoringBugFixes" name="test_08_complete_session_accuracy_and_missed_count" time="0.391"><skipped type="pytest.skip" message="No completion result from previous test">/app/backend/tests/test_word_search_scoring_bugs.py:286: No completion result from previous test</skipped></testcase><testcase classname="backend.tests.test_word_search_scoring_bugs.TestSequenceAnswerValidation" name="test_01_create_sequence_session" time="0.585"><failure message="AssertionError: Failed to create assignment: {&quot;detail&quot;:&quot;Invalid credentials&quot;}&#10;assert 401 == 200&#10; +  where 401 = &lt;Response [401]&gt;.status_code">backend/tests/test_word_search_scoring_bugs.py:343: in test_01_create_sequence_session
    assert response.status_code == 200, f"Failed to create assignment: {response.text}"
E   AssertionError: Failed to create assignment: {"detail":"Invalid credentials"}
E   assert 401 == 200
E    +  where 401 = &lt;Response [401]&gt;.status_code</failure></testcase><testcase classname="backend.tests.test_word_search_scoring_bugs.TestSequenceAnswerValidation" name="test_02_verify_sequence_game_payload" time="0.392"><skipped type="pytest.skip" message="No session_id">/app/backend/tests/test_word_search_scoring_bugs.py:368: No session_id</skipped></testcase><testcase classname="backend.tests.test_word_search_scoring_bugs.TestSequenceAnswerValidation" name="test_03_join_sequence_session" time="0.426"><skipped type="pytest.skip" message="No session_id">/app/backend/tests/test_word_search_scoring_bugs.py:391: No session_id</skipped></testcase><testcase classname="backend.tests.test_word_search_scoring_bugs.TestSequenceAnswerValidation" name="test_04_sequence_answer_validation_correct_position" time="0.344"><skipped type="pytest.skip" message="Missing data">/app/backend/tests/test_word_search_scoring_bugs.py:411: Missing data</skipped></testcase><testcase classname="backend.tests.test_word_search_scoring_bugs.TestSequenceAnswerValidation" name="test_05_sequence_answer_validation_wrong_position" time="0.396"><skipped type="pytest.skip" message="Missing data">/app/backend/tests/test_word_search_scoring_bugs.py:448: Missing data</skipped></testcase><testcase classname="backend.tests.test_word_search_scoring_bugs.TestMemoryGameAnswerValidation" name="test_01_create_memory_session" time="0.496"><failure message="assert 401 == 200&#10; +  where 401 = &lt;Response [401]&gt;.status_code">backend/tests/test_word_search_scoring_bugs.py:512: in test_01_create_memory_session
    assert response.status_code == 200
E   assert 401 == 200
E    +  where 401 = &lt;Response [401]&gt;.status_code</failure></testcase><testcase classname="backend.tests.test_word_search_scoring_bugs.TestMemoryGameAnswerValidation" name="test_02_verify_memory_game_payload" time="0.359"><skipped type="pytest.skip" message="No session_id">/app/backend/tests/test_word_search_scoring_bugs.py:536: No session_id</skipped></testcase><testcase classname="backend.tests.test_word_search_scoring_bugs.TestMemoryGameAnswerValidation" name="test_03_join_memory_session" time="0.364"><skipped type="pytest.skip" message="No session_id">/app/backend/tests/test_word_search_scoring_bugs.py:556: No session_id</skipped></testcase><testcase classname="backend.tests.test_word_search_scoring_bugs.TestMemoryGameAnswerValidation" name="test_04_memory_answer_always_correct" time="0.364"><skipped type="pytest.skip" message="Missing data">/app/backend/tests/test_word_search_scoring_bugs.py:576: Missing data</skipped></testcase><testcase classname="backend.tests.test_word_search_scoring_bugs.TestMemoryGameAnswerValidation" name="test_05_memory_completion_total_equals_pairs" time="0.349"><skipped type="pytest.skip" message="Missing data">/app/backend/tests/test_word_search_scoring_bugs.py:608: Missing data</skipped></testcase></testsuite></testsuites>