<?xml version="1.0" encoding="utf-8"?><testsuites name="pytest tests"><testsuite name="pytest" errors="0" failures="0" skipped="0" tests="19" time="6.240" timestamp="2026-03-18T00:15:33.044629+00:00" hostname="agent-env-35314b90-7fa0-45fe-8019-12ee022e88b0"><testcase classname="backend.tests.test_grade_report_name_matching.TestNameMatchingFunction" name="test_exact_match" time="0.000" /><testcase classname="backend.tests.test_grade_report_name_matching.TestNameMatchingFunction" name="test_partial_name_match" time="0.000" /><testcase classname="backend.tests.test_grade_report_name_matching.TestNameMatchingFunction" name="test_paul_figueroa_case" time="0.000" /><testcase classname="backend.tests.test_grade_report_name_matching.TestNameMatchingFunction" name="test_mari_maria_match" time="0.000" /><testcase classname="backend.tests.test_grade_report_name_matching.TestNameMatchingFunction" name="test_middle_initial_stripped" time="0.000" /><testcase classname="backend.tests.test_grade_report_name_matching.TestNameMatchingFunction" name="test_spanish_particles_ignored" time="0.000" /><testcase classname="backend.tests.test_grade_report_name_matching.TestGradeReportEndpoint" name="test_grade_report_returns_200" time="0.540" /><testcase classname="backend.tests.test_grade_report_name_matching.TestGradeReportEndpoint" name="test_grade_report_includes_ai_submissions_count" time="0.464" /><testcase classname="backend.tests.test_grade_report_name_matching.TestGradeReportEndpoint" name="test_grade_report_includes_ai_assignments" time="0.441" /><testcase classname="backend.tests.test_grade_report_name_matching.TestGradeReportEndpoint" name="test_grade_report_maria_garcia_has_grades" time="0.523" /><testcase classname="backend.tests.test_grade_report_name_matching.TestGradeReportEndpoint" name="test_grade_report_student_average_calculated" time="0.481" /><testcase classname="backend.tests.test_grade_report_name_matching.TestReportCardEndpoint" name="test_report_card_returns_200" time="0.452" /><testcase classname="backend.tests.test_grade_report_name_matching.TestReportCardEndpoint" name="test_report_card_maria_garcia_has_grades" time="0.458" /><testcase classname="backend.tests.test_grade_report_name_matching.TestReportCardEndpoint" name="test_report_card_shows_gpa" time="0.470" /><testcase classname="backend.tests.test_grade_report_name_matching.TestReportCardEndpoint" name="test_report_card_shows_assignment_details" time="0.483" /><testcase classname="backend.tests.test_grade_report_name_matching.TestReportCardEndpoint" name="test_report_card_second_maria_garcia" time="0.445" /><testcase classname="backend.tests.test_grade_report_name_matching.TestNameMatchingWithPartialNames" name="test_verify_names_match_implementation" time="0.453" /><testcase classname="backend.tests.test_grade_report_name_matching.TestGradeReportResponseStructure" name="test_response_has_required_fields" time="0.467" /><testcase classname="backend.tests.test_grade_report_name_matching.TestReportCardResponseStructure" name="test_response_has_required_fields" time="0.489" /></testsuite></testsuites>