<?xml version="1.0" encoding="utf-8"?><testsuites name="pytest tests"><testsuite name="pytest" errors="0" failures="0" skipped="0" tests="13" time="2.849" timestamp="2026-02-26T02:24:25.165590+00:00" hostname="agent-env-0e21b34c-40b3-45de-98a6-46f71a9808e8"><testcase classname="backend.tests.test_play_to_learn_bug_fixes.TestPlayToLearnBugFixes" name="test_all_modes_session_exists" time="0.228" /><testcase classname="backend.tests.test_play_to_learn_bug_fixes.TestPlayToLearnBugFixes" name="test_all_modes_session_has_game_payload" time="0.112" /><testcase classname="backend.tests.test_play_to_learn_bug_fixes.TestPlayToLearnBugFixes" name="test_english_assignment_has_english_language" time="0.117" /><testcase classname="backend.tests.test_play_to_learn_bug_fixes.TestPlayToLearnBugFixes" name="test_english_session_has_english_questions" time="0.389" /><testcase classname="backend.tests.test_play_to_learn_bug_fixes.TestPlayToLearnBugFixes" name="test_true_false_session_structure" time="0.146" /><testcase classname="backend.tests.test_play_to_learn_bug_fixes.TestPlayToLearnBugFixes" name="test_true_false_answer_validation_correct" time="0.250" /><testcase classname="backend.tests.test_play_to_learn_bug_fixes.TestPlayToLearnBugFixes" name="test_true_false_answer_validation_incorrect" time="0.264" /><testcase classname="backend.tests.test_play_to_learn_bug_fixes.TestPlayToLearnBugFixes" name="test_select_mode_endpoint_works" time="0.329" /><testcase classname="backend.tests.test_play_to_learn_bug_fixes.TestPlayToLearnBugFixes" name="test_select_fill_blank_mode" time="0.192" /><testcase classname="backend.tests.test_play_to_learn_bug_fixes.TestPlayToLearnBugFixes" name="test_score_updates_after_correct_answer" time="0.264" /><testcase classname="backend.tests.test_play_to_learn_bug_fixes.TestPlayToLearnBugFixes" name="test_live_session_creation" time="0.108" /><testcase classname="backend.tests.test_play_to_learn_bug_fixes.TestFillBlankMode" name="test_fill_blank_has_input_field_structure" time="0.189" /><testcase classname="backend.tests.test_play_to_learn_bug_fixes.TestWebSocketBroadcast" name="test_session_has_websocket_fields" time="0.177" /></testsuite></testsuites>