<?xml version="1.0" encoding="utf-8"?><testsuites name="pytest tests"><testsuite name="pytest" errors="0" failures="0" skipped="0" tests="20" time="239.117" timestamp="2026-02-25T15:22:16.383684+00:00" hostname="agent-env-555c867f-0a10-48d3-8987-4ff9ded0ab49"><testcase classname="tests.test_play_to_learn.TestPlayToLearnAPI" name="test_create_practice_assignment" time="0.602" /><testcase classname="tests.test_play_to_learn.TestPlayToLearnAPI" name="test_get_practice_assignments" time="0.438" /><testcase classname="tests.test_play_to_learn.TestPlayToLearnAPI" name="test_get_single_assignment" time="0.624" /><testcase classname="tests.test_play_to_learn.TestPlayToLearnAPI" name="test_create_practice_session_self_paced" time="21.140" /><testcase classname="tests.test_play_to_learn.TestPlayToLearnAPI" name="test_create_practice_session_live" time="19.684" /><testcase classname="tests.test_play_to_learn.TestPlayToLearnAPI" name="test_anti_repeat_enforcement" time="70.428" /><testcase classname="tests.test_play_to_learn.TestPlayToLearnAPI" name="test_join_by_pin" time="17.290" /><testcase classname="tests.test_play_to_learn.TestPlayToLearnAPI" name="test_join_invalid_pin" time="0.500" /><testcase classname="tests.test_play_to_learn.TestPlayToLearnAPI" name="test_join_session_as_participant" time="21.206" /><testcase classname="tests.test_play_to_learn.TestPlayToLearnAPI" name="test_submit_answer" time="19.768" /><testcase classname="tests.test_play_to_learn.TestPlayToLearnAPI" name="test_create_time_attack_session" time="16.395" /><testcase classname="tests.test_play_to_learn.TestPlayToLearnAPI" name="test_create_matching_session" time="26.778" /><testcase classname="tests.test_play_to_learn.TestPlayToLearnAPI" name="test_create_flashcard_session" time="20.641" /><testcase classname="tests.test_play_to_learn.TestPlayToLearnAPI" name="test_invalid_game_type_rejected" time="0.637" /><testcase classname="tests.test_play_to_learn.TestPlayToLearnAPI" name="test_get_teacher_sessions" time="0.497" /><testcase classname="tests.test_play_to_learn.TestPlayToLearnAPI" name="test_delete_assignment" time="0.558" /><testcase classname="tests.test_play_to_learn.TestPlayToLearnEdgeCases" name="test_nonexistent_assignment_returns_404" time="0.468" /><testcase classname="tests.test_play_to_learn.TestPlayToLearnEdgeCases" name="test_nonexistent_session_returns_404" time="0.412" /><testcase classname="tests.test_play_to_learn.TestPlayToLearnEdgeCases" name="test_create_assignment_missing_required_fields" time="0.397" /><testcase classname="tests.test_play_to_learn.TestPlayToLearnEdgeCases" name="test_unauthenticated_create_assignment_fails" time="0.575" /></testsuite></testsuites>