<?xml version="1.0" encoding="utf-8"?><testsuites name="pytest tests"><testsuite name="pytest" errors="0" failures="1" skipped="0" tests="9" time="33.575" timestamp="2026-08-04T22:39:02.741311+00:00" hostname="agent-env-35314b90-7fa0-45fe-8019-12ee022e88b0"><testcase classname="backend.tests.backend_test" name="test_login_flow_sets_cookie_and_returns_user" time="0.693" /><testcase classname="backend.tests.backend_test" name="test_login_rejects_invalid_password" time="0.414" /><testcase classname="backend.tests.backend_test" name="test_ai_lesson_generation_starts_processing" time="21.928" /><testcase classname="backend.tests.backend_test" name="test_ai_lesson_generation_completes_with_content" time="0.000" /><testcase classname="backend.tests.backend_test" name="test_ai_job_poll_requires_auth" time="0.175" /><testcase classname="backend.tests.backend_test" name="test_chatbot_lesson_planning_not_misclassified_as_pricing" time="1.833"><failure message="AssertionError: assert ('teacherhubpro' in 'great question! here are our plans:\n\n- individual monthly: $9.99/month (all features included)\n- individual annual: $79/year (save $40, 2 months free!)\n- school plan: $6/teacher/month (billed annually, min 10 teachers)\n- district plan: $4/teacher/month (billed annually, min 100 teachers)\n\nplus you can start with a free trial — full access, no credit card needed! would you like to try it out, or do you have questions about a specific plan?' or 'lesson' in 'great question! here are our plans:\n\n- individual monthly: $9.99/month (all features included)\n- individual annual: $79/year (save $40, 2 months free!)\n- school plan: $6/teacher/month (billed annually, min 10 teachers)\n- district plan: $4/teacher/month (billed annually, min 100 teachers)\n\nplus you can start with a free trial — full access, no credit card needed! would you like to try it out, or do you have questions about a specific plan?')">backend/tests/backend_test.py:167: in test_chatbot_lesson_planning_not_misclassified_as_pricing
    assert "teacherhubpro" in lowered or "lesson" in lowered
E   AssertionError: assert ('teacherhubpro' in 'great question! here are our plans:\n\n- individual monthly: $9.99/month (all features included)\n- individual annual: $79/year (save $40, 2 months free!)\n- school plan: $6/teacher/month (billed annually, min 10 teachers)\n- district plan: $4/teacher/month (billed annually, min 100 teachers)\n\nplus you can start with a free trial — full access, no credit card needed! would you like to try it out, or do you have questions about a specific plan?' or 'lesson' in 'great question! here are our plans:\n\n- individual monthly: $9.99/month (all features included)\n- individual annual: $79/year (save $40, 2 months free!)\n- school plan: $6/teacher/month (billed annually, min 10 teachers)\n- district plan: $4/teacher/month (billed annually, min 100 teachers)\n\nplus you can start with a free trial — full access, no credit card needed! would you like to try it out, or do you have questions about a specific plan?')</failure></testcase><testcase classname="backend.tests.backend_test" name="test_chatbot_message_returns_real_ai_response" time="3.228" /><testcase classname="backend.tests.backend_test" name="test_ai_assignment_generation_completes" time="5.120" /><testcase classname="backend.tests.backend_test" name="test_backend_runtime_uses_claude_sonnet_46_only" time="0.076" /></testsuite></testsuites>