<?xml version="1.0" encoding="utf-8"?><testsuites name="pytest tests"><testsuite name="pytest" errors="0" failures="0" skipped="0" tests="7" time="106.818" timestamp="2026-02-27T00:21:16.839822+00:00" hostname="agent-env-5c35ca6d-07f0-4a57-86a4-01532ef65972"><testcase classname="backend.tests.test_word_search_host_dashboard_bugs.TestWordSearchGridGeneration" name="test_create_word_search_assignment_with_long_words" time="0.328" /><testcase classname="backend.tests.test_word_search_host_dashboard_bugs.TestWordSearchGridGeneration" name="test_create_word_search_session" time="32.283" /><testcase classname="backend.tests.test_word_search_host_dashboard_bugs.TestWordSearchGridGeneration" name="test_existing_word_search_session_has_words" time="0.137" /><testcase classname="backend.tests.test_word_search_host_dashboard_bugs.TestHostDashboardPolling" name="test_create_all_modes_live_session" time="29.452" /><testcase classname="backend.tests.test_word_search_host_dashboard_bugs.TestHostDashboardPolling" name="test_join_all_modes_session_and_select_mode" time="27.184" /><testcase classname="backend.tests.test_word_search_host_dashboard_bugs.TestHostDashboardPolling" name="test_mode_selection_broadcasts_for_self_paced" time="16.999" /><testcase classname="backend.tests.test_word_search_host_dashboard_bugs.TestWordSearchGameplay" name="test_word_search_answer_submission" time="0.362" /></testsuite></testsuites>