<?xml version="1.0" encoding="utf-8"?><testsuites name="pytest tests"><testsuite name="pytest" errors="0" failures="1" skipped="0" tests="5" time="1.951" timestamp="2026-08-08T21:51:11.567970+00:00" hostname="agent-env-35314b90-7fa0-45fe-8019-12ee022e88b0"><testcase classname="backend.tests.backend_test" name="test_class_update_persists_and_appears_in_list" time="0.933" /><testcase classname="backend.tests.backend_test" name="test_class_update_rejects_missing_required_name" time="0.307" /><testcase classname="backend.tests.backend_test" name="test_class_update_requires_authentication" time="0.291" /><testcase classname="backend.tests.backend_test" name="test_class_update_unknown_id_returns_404" time="0.044" /><testcase classname="backend.tests.backend_test" name="test_class_update_rejects_whitespace_only_name" time="0.183"><failure message="AssertionError: Whitespace-only class names should fail required-field validation; received 200: {&quot;class_id&quot;:&quot;class_737c5cec&quot;,&quot;school_id&quot;:&quot;school_default&quot;,&quot;teacher_id&quot;:&quot;user_1f6e83d0c290&quot;,&quot;name&quot;:&quot;   &quot;,&quot;grade&quot;:&quot;5&quot;,&quot;section&quot;:&quot;QA&quot;,&quot;subject&quot;:&quot;Science&quot;,&quot;year_term&quot;:&quot;2026-2027&quot;,&quot;semester_id&quot;:null,&quot;created_at&quot;:&quot;2026-08-08T21:51:13.337526+00:00&quot;}&#10;assert 200 == 422&#10; +  where 200 = &lt;Response [200]&gt;.status_code">backend/tests/backend_test.py:554: in test_class_update_rejects_whitespace_only_name
    assert response.status_code == 422, (
E   AssertionError: Whitespace-only class names should fail required-field validation; received 200: {"class_id":"class_737c5cec","school_id":"school_default","teacher_id":"user_1f6e83d0c290","name":"   ","grade":"5","section":"QA","subject":"Science","year_term":"2026-2027","semester_id":null,"created_at":"2026-08-08T21:51:13.337526+00:00"}
E   assert 200 == 422
E    +  where 200 = &lt;Response [200]&gt;.status_code</failure></testcase></testsuite></testsuites>