<?xml version="1.0" encoding="utf-8"?><testsuites name="pytest tests"><testsuite name="pytest" errors="0" failures="0" skipped="0" tests="11" time="5.179" timestamp="2026-02-19T17:49:16.603107+00:00" hostname="agent-env-f673e5f7-fab9-4c2b-8277-9d0303e61269"><testcase classname="backend.tests.test_student_progress_dashboard.TestStudentProgressDashboard" name="test_dashboard_endpoint_returns_200" time="0.609" /><testcase classname="backend.tests.test_student_progress_dashboard.TestStudentProgressDashboard" name="test_dashboard_returns_student_info" time="0.435" /><testcase classname="backend.tests.test_student_progress_dashboard.TestStudentProgressDashboard" name="test_dashboard_returns_progress_data" time="0.435" /><testcase classname="backend.tests.test_student_progress_dashboard.TestStudentProgressDashboard" name="test_dashboard_subjects_structure" time="0.489" /><testcase classname="backend.tests.test_student_progress_dashboard.TestStudentProgressDashboard" name="test_dashboard_achievements_structure" time="0.415" /><testcase classname="backend.tests.test_student_progress_dashboard.TestStudentProgressDashboard" name="test_dashboard_returns_404_for_invalid_student" time="0.413" /><testcase classname="backend.tests.test_student_progress_dashboard.TestStudentProgressDashboard" name="test_dashboard_requires_authentication" time="0.611" /><testcase classname="backend.tests.test_student_progress_dashboard.TestStudentProgressDashboard" name="test_dashboard_time_calculation" time="0.454" /><testcase classname="backend.tests.test_student_progress_dashboard.TestStudentProgressDashboard" name="test_dashboard_recent_activity" time="0.419" /><testcase classname="backend.tests.test_student_progress_dashboard.TestStudentsEndpoint" name="test_students_endpoint_returns_list" time="0.424" /><testcase classname="backend.tests.test_student_progress_dashboard.TestStudentsEndpoint" name="test_students_contains_test_student" time="0.408" /></testsuite></testsuites>