<?xml version="1.0" encoding="utf-8"?><testsuites name="pytest tests"><testsuite name="pytest" errors="0" failures="0" skipped="0" tests="11" time="2.228" timestamp="2026-02-12T22:09:50.962484+00:00" hostname="agent-env-b3429664-2436-4071-b9c3-b7a54408c88c"><testcase classname="backend.tests.test_portal_gradebook_reports.TestGradebookReports" name="test_gradebook_report_endpoint_exists" time="0.341" /><testcase classname="backend.tests.test_portal_gradebook_reports.TestGradebookReports" name="test_gradebook_report_student_data_structure" time="0.290" /><testcase classname="backend.tests.test_portal_gradebook_reports.TestGradebookReports" name="test_gradebook_report_invalid_class" time="0.283" /><testcase classname="backend.tests.test_portal_gradebook_reports.TestParentPortalTokenGeneration" name="test_generate_portal_token" time="0.324" /><testcase classname="backend.tests.test_portal_gradebook_reports.TestParentPortalTokenGeneration" name="test_generate_portal_token_idempotent" time="0.339" /><testcase classname="backend.tests.test_portal_gradebook_reports.TestParentPortalTokenGeneration" name="test_generate_portal_token_invalid_student" time="0.392" /><testcase classname="backend.tests.test_portal_gradebook_reports.TestParentPortalPublicAccess" name="test_portal_access_with_known_token" time="0.039" /><testcase classname="backend.tests.test_portal_gradebook_reports.TestParentPortalPublicAccess" name="test_portal_data_structure" time="0.036" /><testcase classname="backend.tests.test_portal_gradebook_reports.TestParentPortalPublicAccess" name="test_portal_invalid_token" time="0.037" /><testcase classname="backend.tests.test_portal_gradebook_reports.TestParentPortalPublicAccess" name="test_portal_no_auth_required" time="0.041" /><testcase classname="backend.tests.test_portal_gradebook_reports.TestPortalReadOnly" name="test_portal_has_no_write_endpoints" time="0.034" /></testsuite></testsuites>