<?xml version="1.0" encoding="utf-8"?><testsuites name="pytest tests"><testsuite name="pytest" errors="0" failures="0" skipped="0" tests="18" time="2.174" timestamp="2026-02-12T22:48:52.891880+00:00" hostname="agent-env-b3429664-2436-4071-b9c3-b7a54408c88c"><testcase classname="backend.tests.test_semester_portal_email.TestSemesterCRUD" name="test_get_semesters" time="0.347" /><testcase classname="backend.tests.test_semester_portal_email.TestSemesterCRUD" name="test_get_active_semester" time="0.014" /><testcase classname="backend.tests.test_semester_portal_email.TestSemesterCRUD" name="test_create_semester" time="0.056" /><testcase classname="backend.tests.test_semester_portal_email.TestSemesterCRUD" name="test_update_semester" time="0.023" /><testcase classname="backend.tests.test_semester_portal_email.TestSemesterCRUD" name="test_toggle_semester_active_status" time="0.038" /><testcase classname="backend.tests.test_semester_portal_email.TestSemesterCRUD" name="test_delete_semester" time="0.066" /><testcase classname="backend.tests.test_semester_portal_email.TestSemesterCRUD" name="test_delete_semester_with_classes_fails" time="0.063" /><testcase classname="backend.tests.test_semester_portal_email.TestGradebookSemesterSelector" name="test_gradebook_endpoint_exists" time="0.051" /><testcase classname="backend.tests.test_semester_portal_email.TestGradebookSemesterSelector" name="test_semesters_available_for_gradebook" time="0.012" /><testcase classname="backend.tests.test_semester_portal_email.TestGradebookReportsSemesterFilter" name="test_gradebook_report_endpoint" time="0.027" /><testcase classname="backend.tests.test_semester_portal_email.TestPortalEmailFunctionality" name="test_portal_token_with_expiration" time="0.074" /><testcase classname="backend.tests.test_semester_portal_email.TestPortalEmailFunctionality" name="test_portal_email_endpoint_exists" time="0.324" /><testcase classname="backend.tests.test_semester_portal_email.TestPortalEmailFunctionality" name="test_portal_email_with_different_expiration_days" time="0.912" /><testcase classname="backend.tests.test_semester_portal_email.TestPortalEmailFunctionality" name="test_portal_token_expiration_validation" time="0.013" /><testcase classname="backend.tests.test_semester_portal_email.TestPortalEmailRequestModel" name="test_portal_email_requires_student_id" time="0.009" /><testcase classname="backend.tests.test_semester_portal_email.TestPortalEmailRequestModel" name="test_portal_email_requires_valid_email" time="0.014" /><testcase classname="backend.tests.test_semester_portal_email.TestPortalEmailRequestModel" name="test_portal_email_invalid_student_returns_404" time="0.011" /><testcase classname="backend.tests.test_semester_portal_email.TestSemesterAdminPermissions" name="test_semester_create_requires_admin" time="0.040" /></testsuite></testsuites>