<?xml version="1.0" encoding="utf-8"?><testsuites name="pytest tests"><testsuite name="pytest" errors="0" failures="0" skipped="0" tests="12" time="138.179" timestamp="2026-02-26T00:56:47.712960+00:00" hostname="agent-env-0e21b34c-40b3-45de-98a6-46f71a9808e8"><testcase classname="backend.tests.test_play_to_learn_modes.TestPlayToLearnModeSelection" name="test_create_all_modes_session" time="17.790" /><testcase classname="backend.tests.test_play_to_learn_modes.TestPlayToLearnModeSelection" name="test_get_session_returns_allowed_game_types" time="17.325" /><testcase classname="backend.tests.test_play_to_learn_modes.TestPlayToLearnModeSelection" name="test_select_mode_endpoint" time="16.673" /><testcase classname="backend.tests.test_play_to_learn_modes.TestPlayToLearnModeSelection" name="test_select_fill_blank_mode" time="16.730" /><testcase classname="backend.tests.test_play_to_learn_modes.TestPlayToLearnModeSelection" name="test_select_true_false_mode" time="18.350" /><testcase classname="backend.tests.test_play_to_learn_modes.TestPlayToLearnModeSelection" name="test_select_invalid_mode_rejected" time="15.640" /><testcase classname="backend.tests.test_play_to_learn_modes.TestPlayToLearnModeSelection" name="test_live_session_has_pin_and_lobby_status" time="16.346" /><testcase classname="backend.tests.test_play_to_learn_modes.TestPlayToLearnModeSelection" name="test_get_live_session_shows_participants" time="18.792" /><testcase classname="backend.tests.test_play_to_learn_modes.TestExistingTestSessions" name="test_all_modes_session_exists" time="0.137" /><testcase classname="backend.tests.test_play_to_learn_modes.TestExistingTestSessions" name="test_fill_blank_session_exists" time="0.106" /><testcase classname="backend.tests.test_play_to_learn_modes.TestExistingTestSessions" name="test_true_false_session_exists" time="0.123" /><testcase classname="backend.tests.test_play_to_learn_modes.TestExistingTestSessions" name="test_live_lobby_session_exists" time="0.116" /></testsuite></testsuites>