<?xml version="1.0" encoding="utf-8"?><testsuites name="pytest tests"><testsuite name="pytest" errors="0" failures="2" skipped="0" tests="7" time="2.921" timestamp="2026-08-10T01:48:30.397936+00:00" hostname="agent-env-35314b90-7fa0-45fe-8019-12ee022e88b0"><testcase classname="backend.tests.backend_test" name="test_plan_folder_create_and_list_persists" time="0.821" /><testcase classname="backend.tests.backend_test" name="test_conversational_english_title_persists" time="0.187"><failure message="AssertionError: assert None == 'TEST_Conversation_Title_9a27970be9'">backend/tests/backend_test.py:621: in test_conversational_english_title_persists
    assert plan["title"] == expected_title
E   AssertionError: assert None == 'TEST_Conversation_Title_9a27970be9'</failure></testcase><testcase classname="backend.tests.backend_test" name="test_move_plan_to_folder_and_count_persists" time="0.338" /><testcase classname="backend.tests.backend_test" name="test_delete_folder_moves_plan_to_unfiled" time="0.621" /><testcase classname="backend.tests.backend_test" name="test_plan_folder_rejects_blank_name" time="0.098"><failure message="AssertionError: Whitespace-only folder names should fail validation; received 200: {&quot;folder_id&quot;:&quot;folder_5648b6cb&quot;,&quot;teacher_id&quot;:&quot;user_1f6e83d0c290&quot;,&quot;name&quot;:&quot;&quot;,&quot;color&quot;:&quot;#6366f1&quot;,&quot;plan_count&quot;:0,&quot;created_at&quot;:&quot;2026-08-10T01:48:32.628509+00:00&quot;}&#10;assert 200 == 422&#10; +  where 200 = &lt;Response [200]&gt;.status_code">backend/tests/backend_test.py:685: in test_plan_folder_rejects_blank_name
    assert response.status_code == 422, (
E   AssertionError: Whitespace-only folder names should fail validation; received 200: {"folder_id":"folder_5648b6cb","teacher_id":"user_1f6e83d0c290","name":"","color":"#6366f1","plan_count":0,"created_at":"2026-08-10T01:48:32.628509+00:00"}
E   assert 200 == 422
E    +  where 200 = &lt;Response [200]&gt;.status_code</failure></testcase><testcase classname="backend.tests.backend_test" name="test_plan_folder_update_persists" time="0.307" /><testcase classname="backend.tests.backend_test" name="test_move_plan_rejects_unknown_folder_without_changing_plan" time="0.304" /></testsuite></testsuites>