<?xml version="1.0" encoding="utf-8"?><testsuites name="pytest tests"><testsuite name="pytest" errors="0" failures="0" skipped="0" tests="11" time="6.199" timestamp="2026-02-13T15:26:14.152932+00:00" hostname="agent-env-e0c3747c-a425-43d2-ae7f-1e9fd19ba985"><testcase classname="backend.tests.test_p0_fixes.TestSubPacketAPI" name="test_get_classes_for_sub_packet" time="0.452" /><testcase classname="backend.tests.test_p0_fixes.TestSubPacketAPI" name="test_get_sub_packet_empty" time="0.613" /><testcase classname="backend.tests.test_p0_fixes.TestSubPacketAPI" name="test_save_sub_packet_data" time="0.732" /><testcase classname="backend.tests.test_p0_fixes.TestSubPacketAPI" name="test_update_sub_packet_data" time="0.597" /><testcase classname="backend.tests.test_p0_fixes.TestSemesterCRUDForTeachers" name="test_get_semesters" time="0.624" /><testcase classname="backend.tests.test_p0_fixes.TestSemesterCRUDForTeachers" name="test_create_semester" time="0.471" /><testcase classname="backend.tests.test_p0_fixes.TestSemesterCRUDForTeachers" name="test_update_semester" time="0.585" /><testcase classname="backend.tests.test_p0_fixes.TestSemesterCRUDForTeachers" name="test_delete_semester" time="0.518" /><testcase classname="backend.tests.test_p0_fixes.TestSubscriptionStatus" name="test_subscription_status_for_admin" time="0.422" /><testcase classname="backend.tests.test_p0_fixes.TestSetupAdminPage" name="test_setup_admin_page_loads" time="0.209" /><testcase classname="backend.tests.test_p0_fixes.TestPricingCheckout" name="test_checkout_endpoint_exists" time="0.923" /></testsuite></testsuites>