<?xml version="1.0" encoding="utf-8"?><testsuites name="pytest tests"><testsuite name="pytest" errors="0" failures="0" skipped="0" tests="20" time="11.409" timestamp="2026-02-20T19:16:25.760775+00:00" hostname="agent-env-2324a4a3-7edf-491d-8ab1-608cec9de637"><testcase classname="backend.tests.test_game_validation.TestValidationEndpoints" name="test_validate_endpoint_valid_quiz" time="0.599" /><testcase classname="backend.tests.test_game_validation.TestValidationEndpoints" name="test_validate_endpoint_invalid_quiz" time="0.520" /><testcase classname="backend.tests.test_game_validation.TestValidationEndpoints" name="test_smoke_test_endpoint_valid_game" time="0.513" /><testcase classname="backend.tests.test_game_validation.TestValidationEndpoints" name="test_smoke_test_endpoint_invalid_game" time="0.473" /><testcase classname="backend.tests.test_game_validation.TestValidationEndpoints" name="test_full_validation_endpoint" time="0.914" /><testcase classname="backend.tests.test_game_validation.TestAllGameTypesValidation" name="test_quiz_validation" time="0.477" /><testcase classname="backend.tests.test_game_validation.TestAllGameTypesValidation" name="test_true_false_validation" time="0.630" /><testcase classname="backend.tests.test_game_validation.TestAllGameTypesValidation" name="test_fill_blanks_validation" time="0.590" /><testcase classname="backend.tests.test_game_validation.TestAllGameTypesValidation" name="test_matching_validation" time="0.539" /><testcase classname="backend.tests.test_game_validation.TestAllGameTypesValidation" name="test_flashcards_validation" time="0.589" /><testcase classname="backend.tests.test_game_validation.TestAllGameTypesValidation" name="test_word_search_validation" time="0.468" /><testcase classname="backend.tests.test_game_validation.TestAllGameTypesValidation" name="test_crossword_validation" time="0.447" /><testcase classname="backend.tests.test_game_validation.TestAllGameTypesValidation" name="test_drag_drop_validation" time="0.604" /><testcase classname="backend.tests.test_game_validation.TestInvalidGameDetection" name="test_empty_questions_rejected" time="0.542" /><testcase classname="backend.tests.test_game_validation.TestInvalidGameDetection" name="test_missing_title_rejected" time="0.543" /><testcase classname="backend.tests.test_game_validation.TestInvalidGameDetection" name="test_mismatched_correct_answer_rejected" time="0.524" /><testcase classname="backend.tests.test_game_validation.TestInvalidGameDetection" name="test_drag_drop_mismatched_order_rejected" time="0.481" /><testcase classname="backend.tests.test_game_validation.TestGameSaveWithValidation" name="test_save_valid_game_succeeds" time="0.500" /><testcase classname="backend.tests.test_game_validation.TestGameSaveWithValidation" name="test_save_invalid_game_rejected" time="0.557" /><testcase classname="backend.tests.test_game_validation.TestGameRestartFunctionality" name="test_progress_can_be_reset" time="0.804" /></testsuite></testsuites>