<?xml version="1.0" encoding="utf-8"?><testsuites name="pytest tests"><testsuite name="pytest" errors="0" failures="0" skipped="0" tests="7" time="9.021" timestamp="2026-02-24T19:18:39.887483+00:00" hostname="agent-env-65f15c03-cf23-42df-ac40-3243ec2303de"><testcase classname="backend.tests.test_game_bugs_fixes.TestGameBugFixes" name="test_01_score_submission_with_time_taken" time="0.813" /><testcase classname="backend.tests.test_game_bugs_fixes.TestGameBugFixes" name="test_02_leaderboard_returns_submitted_at" time="0.646" /><testcase classname="backend.tests.test_game_bugs_fixes.TestGameBugFixes" name="test_03_score_submission_time_taken_persisted" time="0.505" /><testcase classname="backend.tests.test_game_bugs_fixes.TestGameBugFixes" name="test_04_play_game_endpoint_returns_game_data" time="0.561" /><testcase classname="backend.tests.test_game_bugs_fixes.TestGameBugFixes" name="test_05_regenerate_questions_endpoint" time="6.022" /><testcase classname="backend.tests.test_game_bugs_fixes.TestGameBugFixes" name="test_06_score_submission_validates_fields" time="0.172" /><testcase classname="backend.tests.test_game_bugs_fixes.TestLeaderboardDateFormat" name="test_submitted_at_is_iso_format" time="0.239" /></testsuite></testsuites>