<?xml version="1.0" encoding="utf-8"?><testsuites name="pytest tests"><testsuite name="pytest" errors="0" failures="0" skipped="0" tests="14" time="11.228" timestamp="2026-03-05T17:10:20.170340+00:00" hostname="agent-env-229b79d1-1357-4611-8275-4a51b75afd00"><testcase classname="backend.tests.test_ai_grading.TestAIGradingStats" name="test_get_stats_authenticated" time="0.229" /><testcase classname="backend.tests.test_ai_grading.TestAIGradingStats" name="test_get_stats_unauthenticated" time="0.120" /><testcase classname="backend.tests.test_ai_grading.TestAIAssignmentGeneration" name="test_generate_assignment_authenticated" time="8.797" /><testcase classname="backend.tests.test_ai_grading.TestAIAssignmentGeneration" name="test_generate_assignment_missing_topic" time="0.220" /><testcase classname="backend.tests.test_ai_grading.TestAIAssignmentsCRUD" name="test_get_assignments_empty" time="0.125" /><testcase classname="backend.tests.test_ai_grading.TestAIAssignmentsCRUD" name="test_get_assignments_by_class" time="0.121" /><testcase classname="backend.tests.test_ai_grading.TestAIAssignmentsCRUD" name="test_create_assignment" time="0.143" /><testcase classname="backend.tests.test_ai_grading.TestAIAssignmentsCRUD" name="test_get_assignment_by_id" time="0.298" /><testcase classname="backend.tests.test_ai_grading.TestAIAssignmentsCRUD" name="test_delete_assignment" time="0.237" /><testcase classname="backend.tests.test_ai_grading.TestStudentAssignmentPublic" name="test_get_student_assignment_invalid_token" time="0.124" /><testcase classname="backend.tests.test_ai_grading.TestStudentAssignmentPublic" name="test_student_assignment_flow" time="0.374" /><testcase classname="backend.tests.test_ai_grading.TestSubmissionsAndGrading" name="test_get_submissions" time="0.116" /><testcase classname="backend.tests.test_ai_grading.TestHealthAndBasicEndpoints" name="test_health_endpoint" time="0.126" /><testcase classname="backend.tests.test_ai_grading.TestHealthAndBasicEndpoints" name="test_auth_me_with_token" time="0.120" /></testsuite></testsuites>