<?xml version="1.0" encoding="utf-8"?><testsuites name="pytest tests"><testsuite name="pytest" errors="0" failures="0" skipped="0" tests="15" time="2.848" timestamp="2026-02-19T18:21:20.984124+00:00" hostname="agent-env-f673e5f7-fab9-4c2b-8277-9d0303e61269"><testcase classname="backend.tests.test_homeschool_portal_reports.TestHomeschoolPortalToken" name="test_generate_portal_token_success" time="0.493" /><testcase classname="backend.tests.test_homeschool_portal_reports.TestHomeschoolPortalToken" name="test_generate_portal_token_invalid_student" time="0.067" /><testcase classname="backend.tests.test_homeschool_portal_reports.TestHomeschoolPortalToken" name="test_generate_portal_token_requires_auth" time="0.133" /><testcase classname="backend.tests.test_homeschool_portal_reports.TestHomeschoolPortalData" name="test_get_portal_data_with_valid_token" time="0.370" /><testcase classname="backend.tests.test_homeschool_portal_reports.TestHomeschoolPortalData" name="test_get_portal_data_no_auth_required" time="0.170" /><testcase classname="backend.tests.test_homeschool_portal_reports.TestHomeschoolPortalData" name="test_get_portal_data_invalid_token" time="0.129" /><testcase classname="backend.tests.test_homeschool_portal_reports.TestReportCardsStudentFetch" name="test_get_students_for_class" time="0.138" /><testcase classname="backend.tests.test_homeschool_portal_reports.TestReportCardsStudentFetch" name="test_get_students_invalid_class" time="0.061" /><testcase classname="backend.tests.test_homeschool_portal_reports.TestReportCardsStudentFetch" name="test_get_students_requires_auth" time="0.164" /><testcase classname="backend.tests.test_homeschool_portal_reports.TestReportCardGeneration" name="test_generate_report_card" time="0.205" /><testcase classname="backend.tests.test_homeschool_portal_reports.TestReportCardGeneration" name="test_generate_report_card_invalid_student" time="0.172" /><testcase classname="backend.tests.test_homeschool_portal_reports.TestTemplateOfWeek" name="test_get_template_of_week" time="0.129" /><testcase classname="backend.tests.test_homeschool_portal_reports.TestTemplateOfWeek" name="test_template_of_week_no_auth_required" time="0.179" /><testcase classname="backend.tests.test_homeschool_portal_reports.TestStarterTemplates" name="test_get_starter_template" time="0.267" /><testcase classname="backend.tests.test_homeschool_portal_reports.TestStarterTemplates" name="test_get_invalid_starter_template" time="0.106" /></testsuite></testsuites>