<?xml version="1.0" encoding="utf-8"?><testsuites name="pytest tests"><testsuite name="pytest" errors="0" failures="0" skipped="0" tests="7" time="75.974" timestamp="2026-02-25T00:00:43.555025+00:00" hostname="agent-env-65f15c03-cf23-42df-ac40-3243ec2303de"><testcase classname="backend.tests.test_play_again_regeneration.TestPlayAgainRegeneration" name="test_true_false_regeneration_returns_regenerated_true" time="4.247" /><testcase classname="backend.tests.test_play_again_regeneration.TestPlayAgainRegeneration" name="test_quiz_regeneration_returns_regenerated_true" time="8.678" /><testcase classname="backend.tests.test_play_again_regeneration.TestPlayAgainRegeneration" name="test_true_false_consecutive_regenerations_different" time="18.300" /><testcase classname="backend.tests.test_play_again_regeneration.TestPlayAgainRegeneration" name="test_quiz_consecutive_regenerations_different" time="29.394" /><testcase classname="backend.tests.test_play_again_regeneration.TestPlayAgainRegeneration" name="test_regeneration_no_subscription_required" time="3.810" /><testcase classname="backend.tests.test_play_again_regeneration.TestPlayAgainRegeneration" name="test_true_false_question_structure" time="3.793" /><testcase classname="backend.tests.test_play_again_regeneration.TestPlayAgainRegeneration" name="test_quiz_question_structure" time="7.690" /></testsuite></testsuites>