<?xml version="1.0" encoding="utf-8"?><testsuites name="pytest tests"><testsuite name="pytest" errors="0" failures="0" skipped="0" tests="12" time="65.156" timestamp="2026-02-20T01:18:28.389409+00:00" hostname="agent-env-9bda7edc-e0c5-4cce-9743-1844371f691f"><testcase classname="backend.tests.test_adaptive_games_share.TestAdaptiveLearningShareLink" name="test_generate_student_link_success" time="0.596" /><testcase classname="backend.tests.test_adaptive_games_share.TestAdaptiveLearningShareLink" name="test_generate_link_invalid_student" time="0.432" /><testcase classname="backend.tests.test_adaptive_games_share.TestPublicStudentLearningEndpoint" name="test_get_student_learning_invalid_token" time="0.147" /><testcase classname="backend.tests.test_adaptive_games_share.TestPublicStudentLearningEndpoint" name="test_get_student_learning_valid_token" time="0.773" /><testcase classname="backend.tests.test_adaptive_games_share.TestGamesCreatorTypes" name="test_generate_word_search_game" time="4.754" /><testcase classname="backend.tests.test_adaptive_games_share.TestGamesCreatorTypes" name="test_generate_crossword_game" time="5.260" /><testcase classname="backend.tests.test_adaptive_games_share.TestGamesCreatorTypes" name="test_generate_drag_drop_game" time="5.068" /><testcase classname="backend.tests.test_adaptive_games_share.TestGamesCreatorTypes" name="test_save_game_and_get_share_link" time="3.563" /><testcase classname="backend.tests.test_adaptive_games_share.TestPublicGameEndpoint" name="test_get_game_invalid_id" time="0.102" /><testcase classname="backend.tests.test_adaptive_games_share.TestPublicGameEndpoint" name="test_get_game_valid_id" time="4.091" /><testcase classname="backend.tests.test_adaptive_games_share.TestAdaptiveLearningPath" name="test_generate_learning_path" time="39.843" /><testcase classname="backend.tests.test_adaptive_games_share.TestStudentsEndpoint" name="test_get_students" time="0.471" /></testsuite></testsuites>