<?xml version="1.0" encoding="utf-8"?><testsuites name="pytest tests"><testsuite name="pytest" errors="0" failures="0" skipped="0" tests="7" time="2.431" timestamp="2026-02-11T00:47:23.508329+00:00" hostname="agent-env-d295e8c9-45b6-4846-96f9-e3b746715641"><testcase classname="backend.tests.test_lesson_planner_features.TestLessonPlannerFeatures" name="test_create_plan_with_teacher_name" time="0.416" /><testcase classname="backend.tests.test_lesson_planner_features.TestLessonPlannerFeatures" name="test_update_plan_teacher_name" time="0.420" /><testcase classname="backend.tests.test_lesson_planner_features.TestLessonPlannerFeatures" name="test_create_plan_with_other_activity_notes" time="0.322" /><testcase classname="backend.tests.test_lesson_planner_features.TestLessonPlannerFeatures" name="test_update_other_activity_notes" time="0.359" /><testcase classname="backend.tests.test_lesson_planner_features.TestLessonPlannerFeatures" name="test_plan_without_teacher_name" time="0.369" /><testcase classname="backend.tests.test_lesson_planner_features.TestLessonPlannerFeatures" name="test_empty_other_activity_notes" time="0.394" /><testcase classname="backend.tests.test_lesson_planner_features.TestHealthCheck" name="test_api_health" time="0.038" /></testsuite></testsuites>