<?xml version="1.0" encoding="utf-8"?><testsuites name="pytest tests"><testsuite name="pytest" errors="0" failures="0" skipped="0" tests="9" time="20.996" timestamp="2026-02-25T03:44:59.906743+00:00" hostname="agent-env-555c867f-0a10-48d3-8987-4ff9ded0ab49"><testcase classname="tests.test_word_search_play_again.TestWordSearchGameType" name="test_word_search_game_exists" time="0.305" /><testcase classname="tests.test_word_search_play_again.TestWordSearchGameType" name="test_word_search_game_has_questions" time="0.125" /><testcase classname="tests.test_word_search_play_again.TestWordSearchGameType" name="test_word_search_regeneration" time="3.825" /><testcase classname="tests.test_word_search_play_again.TestPlayAgainRegeneration" name="test_regenerate_endpoint_exists" time="3.674" /><testcase classname="tests.test_word_search_play_again.TestPlayAgainRegeneration" name="test_regenerate_returns_new_questions" time="4.007" /><testcase classname="tests.test_word_search_play_again.TestPlayAgainRegeneration" name="test_consecutive_regenerations_different" time="8.634" /><testcase classname="tests.test_word_search_play_again.TestGameAPIEndpoints" name="test_play_game_endpoint" time="0.137" /><testcase classname="tests.test_word_search_play_again.TestGameAPIEndpoints" name="test_nonexistent_game_returns_404" time="0.118" /><testcase classname="tests.test_word_search_play_again.TestGameAPIEndpoints" name="test_regenerate_nonexistent_game_returns_404" time="0.113" /></testsuite></testsuites>