<?xml version="1.0" encoding="utf-8"?><testsuites name="pytest tests"><testsuite name="pytest" errors="0" failures="0" skipped="0" tests="16" time="21.183" timestamp="2026-02-19T22:01:39.962344+00:00" hostname="agent-env-f673e5f7-fab9-4c2b-8277-9d0303e61269"><testcase classname="backend.tests.test_game_analytics_leaderboard.TestGameAnalytics" name="test_get_analytics_returns_200" time="0.533" /><testcase classname="backend.tests.test_game_analytics_leaderboard.TestGameAnalytics" name="test_analytics_response_structure" time="0.449" /><testcase classname="backend.tests.test_game_analytics_leaderboard.TestGameAnalytics" name="test_analytics_game_stats_structure" time="0.473" /><testcase classname="backend.tests.test_game_analytics_leaderboard.TestScoreSubmission" name="test_submit_score_returns_200" time="0.771" /><testcase classname="backend.tests.test_game_analytics_leaderboard.TestScoreSubmission" name="test_submit_score_response_structure" time="0.573" /><testcase classname="backend.tests.test_game_analytics_leaderboard.TestScoreSubmission" name="test_submit_score_invalid_game_returns_404" time="0.611" /><testcase classname="backend.tests.test_game_analytics_leaderboard.TestScoreSubmission" name="test_submit_score_missing_fields_returns_422" time="0.593" /><testcase classname="backend.tests.test_game_analytics_leaderboard.TestLeaderboard" name="test_get_leaderboard_returns_200" time="0.568" /><testcase classname="backend.tests.test_game_analytics_leaderboard.TestLeaderboard" name="test_leaderboard_response_is_list" time="0.554" /><testcase classname="backend.tests.test_game_analytics_leaderboard.TestLeaderboard" name="test_leaderboard_entry_structure" time="1.033" /><testcase classname="backend.tests.test_game_analytics_leaderboard.TestLeaderboard" name="test_leaderboard_sorted_by_percentage" time="1.183" /><testcase classname="backend.tests.test_game_analytics_leaderboard.TestLeaderboard" name="test_leaderboard_limit_parameter" time="0.595" /><testcase classname="backend.tests.test_game_analytics_leaderboard.TestNewGameTypes" name="test_generate_word_search_game" time="4.150" /><testcase classname="backend.tests.test_game_analytics_leaderboard.TestNewGameTypes" name="test_generate_crossword_game" time="4.373" /><testcase classname="backend.tests.test_game_analytics_leaderboard.TestNewGameTypes" name="test_generate_drag_drop_game" time="3.914" /><testcase classname="backend.tests.test_game_analytics_leaderboard.TestAnalyticsIntegration" name="test_analytics_updates_after_score_submission" time="0.746" /></testsuite></testsuites>