<?xml version="1.0" encoding="utf-8"?><testsuites name="pytest tests"><testsuite name="pytest" errors="0" failures="0" skipped="0" tests="6" time="2.901" timestamp="2026-03-17T23:24:21.538099+00:00" hostname="agent-env-35314b90-7fa0-45fe-8019-12ee022e88b0"><testcase classname="backend.tests.test_ai_grading_answer_display.TestAIGradingAnswerDisplay" name="test_submission_endpoint_returns_question_ids" time="0.536" /><testcase classname="backend.tests.test_ai_grading_answer_display.TestAIGradingAnswerDisplay" name="test_answer_keys_match_question_ids" time="0.476" /><testcase classname="backend.tests.test_ai_grading_answer_display.TestAIGradingAnswerDisplay" name="test_specific_answers_are_correct" time="0.445" /><testcase classname="backend.tests.test_ai_grading_answer_display.TestAIGradingAnswerDisplay" name="test_matching_question_answers_are_objects" time="0.433" /><testcase classname="backend.tests.test_ai_grading_answer_display.TestAIGradingAnswerDisplay" name="test_assignment_without_qid_gets_fallback" time="0.447" /><testcase classname="backend.tests.test_ai_grading_answer_display.TestAIGradingSubmissionsList" name="test_submissions_list_returns_data" time="0.497" /></testsuite></testsuites>