<?xml version="1.0" encoding="utf-8"?><testsuites name="pytest tests"><testsuite name="pytest" errors="0" failures="0" skipped="0" tests="14" time="97.209" timestamp="2026-02-26T14:14:44.677154+00:00" hostname="agent-env-0e21b34c-40b3-45de-98a6-46f71a9808e8"><testcase classname="backend.tests.test_live_mode_fixes.TestLiveModeFixesSetup" name="test_api_health" time="0.254" /><testcase classname="backend.tests.test_live_mode_fixes.TestDuplicateParticipantPrevention" name="test_first_join_creates_participant" time="14.127" /><testcase classname="backend.tests.test_live_mode_fixes.TestDuplicateParticipantPrevention" name="test_duplicate_join_returns_same_id" time="0.278" /><testcase classname="backend.tests.test_live_mode_fixes.TestDuplicateParticipantPrevention" name="test_duplicate_join_case_insensitive" time="0.285" /><testcase classname="backend.tests.test_live_mode_fixes.TestDuplicateParticipantPrevention" name="test_different_nicknames_create_different_ids" time="0.315" /><testcase classname="backend.tests.test_live_mode_fixes.TestLateJoinToActiveGame" name="test_late_join_returns_active_status" time="16.247" /><testcase classname="backend.tests.test_live_mode_fixes.TestLateJoinToActiveGame" name="test_session_get_returns_active_status" time="0.133" /><testcase classname="backend.tests.test_live_mode_fixes.TestSessionStatusTransitions" name="test_lobby_to_active_transition" time="14.798" /><testcase classname="backend.tests.test_live_mode_fixes.TestEnglishQuestionsGeneration" name="test_english_assignment_exists" time="0.183" /><testcase classname="backend.tests.test_live_mode_fixes.TestEnglishQuestionsGeneration" name="test_english_session_has_english_questions" time="14.858" /><testcase classname="backend.tests.test_live_mode_fixes.TestTrueFalseAnswerValidation" name="test_true_false_session_structure" time="13.855" /><testcase classname="backend.tests.test_live_mode_fixes.TestTrueFalseAnswerValidation" name="test_true_answer_for_true_statement_is_correct" time="0.369" /><testcase classname="backend.tests.test_live_mode_fixes.TestTrueFalseAnswerValidation" name="test_false_answer_for_true_statement_is_incorrect" time="0.682" /><testcase classname="backend.tests.test_live_mode_fixes.TestJoinByPin" name="test_join_by_pin_returns_session_info" time="20.735" /></testsuite></testsuites>