<?xml version="1.0" encoding="utf-8"?><testsuites name="pytest tests"><testsuite name="pytest" errors="0" failures="1" skipped="0" tests="7" time="247.056" timestamp="2026-03-18T23:14:26.264385+00:00" hostname="agent-env-35314b90-7fa0-45fe-8019-12ee022e88b0"><testcase classname="backend.tests.test_pdf_parse_async.TestAsyncPDFParseEndpoint" name="test_post_returns_immediately_with_job_id" time="18.555"><failure message="AssertionError: POST took 8.20s - MUST be under 5 seconds! This defeats the purpose of the async fix.&#10;assert 8.19772458076477 &lt; 5.0">backend/tests/test_pdf_parse_async.py:72: in test_post_returns_immediately_with_job_id
    assert elapsed_time &lt; 5.0, f"POST took {elapsed_time:.2f}s - MUST be under 5 seconds! This defeats the purpose of the async fix."
E   AssertionError: POST took 8.20s - MUST be under 5 seconds! This defeats the purpose of the async fix.
E   assert 8.19772458076477 &lt; 5.0</failure></testcase><testcase classname="backend.tests.test_pdf_parse_async.TestAsyncPDFParseEndpoint" name="test_get_returns_processing_status_initially" time="89.660" /><testcase classname="backend.tests.test_pdf_parse_async.TestAsyncPDFParseEndpoint" name="test_get_nonexistent_job_returns_404" time="0.106" /><testcase classname="backend.tests.test_pdf_parse_async.TestAsyncPDFParseEndpoint" name="test_post_with_nonexistent_file_returns_404" time="0.087" /><testcase classname="backend.tests.test_pdf_parse_async.TestAsyncPDFParseEndpoint" name="test_unauthenticated_request_returns_401" time="0.231" /><testcase classname="backend.tests.test_pdf_parse_async.TestAsyncPDFParseEndpoint" name="test_full_async_workflow_with_polling" time="44.219" /><testcase classname="backend.tests.test_pdf_parse_async.TestPOSTResponseTimePerformance" name="test_post_response_time_under_5_seconds_multiple_calls" time="94.116" /></testsuite></testsuites>