<?xml version="1.0" encoding="utf-8"?><testsuites name="pytest tests"><testsuite name="pytest" errors="0" failures="1" skipped="0" tests="16" time="4.255" timestamp="2026-03-17T13:01:00.552787+00:00" hostname="agent-env-35314b90-7fa0-45fe-8019-12ee022e88b0"><testcase classname="tests.test_gradebook_assignment_features.TestAuthAndSetup" name="test_login_success" time="0.562" /><testcase classname="tests.test_gradebook_assignment_features.TestAuthAndSetup" name="test_get_current_user" time="0.061" /><testcase classname="tests.test_gradebook_assignment_features.TestFileUpload" name="test_upload_pdf_file" time="0.446" /><testcase classname="tests.test_gradebook_assignment_features.TestFileUpload" name="test_upload_image_file" time="0.076" /><testcase classname="tests.test_gradebook_assignment_features.TestFileUpload" name="test_upload_docx_file" time="0.125" /><testcase classname="tests.test_gradebook_assignment_features.TestFileUpload" name="test_upload_invalid_file_type" time="0.063" /><testcase classname="tests.test_gradebook_assignment_features.TestFileUpload" name="test_serve_uploaded_file" time="0.199" /><testcase classname="tests.test_gradebook_assignment_features.TestFileUpload" name="test_serve_nonexistent_file" time="0.111"><failure message="assert 400 == 404&#10; +  where 400 = &lt;Response [400]&gt;.status_code">tests/test_gradebook_assignment_features.py:177: in test_serve_nonexistent_file
    assert response.status_code == 404
E   assert 400 == 404
E    +  where 400 = &lt;Response [400]&gt;.status_code</failure></testcase><testcase classname="tests.test_gradebook_assignment_features.TestAssignmentWithQuestions" name="test_create_assignment_with_multiple_choice" time="0.593" /><testcase classname="tests.test_gradebook_assignment_features.TestAssignmentWithQuestions" name="test_create_assignment_with_true_false" time="0.055" /><testcase classname="tests.test_gradebook_assignment_features.TestAssignmentWithQuestions" name="test_create_assignment_with_short_answer" time="0.061" /><testcase classname="tests.test_gradebook_assignment_features.TestAssignmentWithQuestions" name="test_create_assignment_with_essay" time="0.067" /><testcase classname="tests.test_gradebook_assignment_features.TestAssignmentWithQuestions" name="test_create_assignment_with_attachment" time="0.151" /><testcase classname="tests.test_gradebook_assignment_features.TestAssignmentWithQuestions" name="test_create_assignment_mixed_questions" time="0.065" /><testcase classname="tests.test_gradebook_assignment_features.TestGradebookIntegration" name="test_get_gradebook_with_new_assignments" time="0.596" /><testcase classname="tests.test_gradebook_assignment_features.TestCleanup" name="test_cleanup_test_assignments" time="0.916" /></testsuite></testsuites>