<?xml version="1.0" encoding="utf-8"?><testsuites name="pytest tests"><testsuite name="pytest" errors="0" failures="0" skipped="0" tests="9" time="2.528" timestamp="2026-03-18T13:11:41.493244+00:00" hostname="agent-env-35314b90-7fa0-45fe-8019-12ee022e88b0"><testcase classname="backend.tests.test_assignment_edit_share_fix.TestAssignmentCRUD" name="test_create_assignment_without_questions" time="1.209" /><testcase classname="backend.tests.test_assignment_edit_share_fix.TestAssignmentCRUD" name="test_create_assignment_with_questions" time="0.049" /><testcase classname="backend.tests.test_assignment_edit_share_fix.TestAssignmentCRUD" name="test_update_assignment_add_questions" time="0.171" /><testcase classname="backend.tests.test_assignment_edit_share_fix.TestAssignmentCRUD" name="test_update_assignment_modify_existing_questions" time="0.104" /><testcase classname="backend.tests.test_assignment_edit_share_fix.TestStudentAssignmentPage" name="test_student_page_with_known_token_has_questions" time="0.118" /><testcase classname="backend.tests.test_assignment_edit_share_fix.TestStudentAssignmentPage" name="test_student_page_with_zero_questions_token" time="0.156" /><testcase classname="backend.tests.test_assignment_edit_share_fix.TestStudentAssignmentPage" name="test_student_page_invalid_token" time="0.182" /><testcase classname="backend.tests.test_assignment_edit_share_fix.TestGradebookAssignmentList" name="test_gradebook_returns_assignments_with_questions_count" time="0.056" /><testcase classname="backend.tests.test_assignment_edit_share_fix.TestCleanup" name="test_cleanup_test_assignments" time="0.413" /></testsuite></testsuites>