<?xml version="1.0" encoding="utf-8"?><testsuites name="pytest tests"><testsuite name="pytest" errors="0" failures="2" skipped="0" tests="21" time="12.925" timestamp="2026-02-20T14:43:28.813591+00:00" hostname="agent-env-9bda7edc-e0c5-4cce-9743-1844371f691f"><testcase classname="backend.tests.test_games_features.TestGamesRoutes" name="test_get_games_list" time="0.636" /><testcase classname="backend.tests.test_games_features.TestGamesRoutes" name="test_get_games_analytics" time="0.570" /><testcase classname="backend.tests.test_games_features.TestGamesRoutes" name="test_save_quiz_game" time="0.445" /><testcase classname="backend.tests.test_games_features.TestGamesRoutes" name="test_save_flashcards_game" time="0.545" /><testcase classname="backend.tests.test_games_features.TestGamesRoutes" name="test_save_matching_game" time="0.516" /><testcase classname="backend.tests.test_games_features.TestGamesRoutes" name="test_save_fill_blanks_game" time="0.523" /><testcase classname="backend.tests.test_games_features.TestGamesRoutes" name="test_save_true_false_game" time="0.469" /><testcase classname="backend.tests.test_games_features.TestGamesRoutes" name="test_save_word_search_game" time="0.804" /><testcase classname="backend.tests.test_games_features.TestGamesRoutes" name="test_save_crossword_game" time="0.504" /><testcase classname="backend.tests.test_games_features.TestGamesRoutes" name="test_save_drag_drop_game" time="0.596" /><testcase classname="backend.tests.test_games_features.TestGamesRoutes" name="test_get_game_by_id" time="0.671" /><testcase classname="backend.tests.test_games_features.TestGamesRoutes" name="test_submit_game_score" time="0.667" /><testcase classname="backend.tests.test_games_features.TestGamesRoutes" name="test_get_game_leaderboard" time="1.137" /><testcase classname="backend.tests.test_games_features.TestProgressSaving" name="test_save_game_progress" time="0.585" /><testcase classname="backend.tests.test_games_features.TestProgressSaving" name="test_get_game_progress" time="0.715" /><testcase classname="backend.tests.test_games_features.TestAdaptiveLearningRoutes" name="test_get_student_progress" time="0.501" /><testcase classname="backend.tests.test_games_features.TestAdaptiveLearningRoutes" name="test_get_student_dashboard" time="0.484"><failure message="AssertionError: assert 'statistics' in {'achievements': [], 'current_streak': 0, 'recent_activity': [], 'student': {'name': 'Test Student', 'student_id': 'student_test_games_001'}, ...}">backend/tests/test_games_features.py:395: in test_get_student_dashboard
    assert "statistics" in data
E   AssertionError: assert 'statistics' in {'achievements': [], 'current_streak': 0, 'recent_activity': [], 'student': {'name': 'Test Student', 'student_id': 'student_test_games_001'}, ...}</failure></testcase><testcase classname="backend.tests.test_games_features.TestPortalRoutes" name="test_generate_portal_token" time="0.480" /><testcase classname="backend.tests.test_games_features.TestPortalRoutes" name="test_get_portal_data" time="0.757"><failure message="AssertionError: assert 'attendance' in {'classes': [], 'language': 'es', 'school': None, 'student': {'first_name': 'Test', 'grade': '', 'last_name': 'Student', 'student_id': 'student_test_games_001'}, ...}">backend/tests/test_games_features.py:441: in test_get_portal_data
    assert "attendance" in data
E   AssertionError: assert 'attendance' in {'classes': [], 'language': 'es', 'school': None, 'student': {'first_name': 'Test', 'grade': '', 'last_name': 'Student', 'student_id': 'student_test_games_001'}, ...}</failure></testcase><testcase classname="backend.tests.test_games_features.TestPortalRoutes" name="test_generate_homeschool_portal_token" time="0.492" /><testcase classname="backend.tests.test_games_features.TestPortalRoutes" name="test_get_homeschool_portal_data" time="0.719" /></testsuite></testsuites>