<?xml version="1.0" encoding="utf-8"?><testsuites name="pytest tests"><testsuite name="pytest" errors="0" failures="0" skipped="0" tests="18" time="2.018" timestamp="2026-03-18T00:48:32.691354+00:00" hostname="agent-env-35314b90-7fa0-45fe-8019-12ee022e88b0"><testcase classname="backend.tests.test_gradebook_ai_grades_integration.TestGradebookEndpoint" name="test_gradebook_endpoint_returns_200" time="0.554" /><testcase classname="backend.tests.test_gradebook_ai_grades_integration.TestGradebookEndpoint" name="test_gradebook_returns_expected_structure" time="0.070" /><testcase classname="backend.tests.test_gradebook_ai_grades_integration.TestGradebookEndpoint" name="test_gradebook_includes_ai_assignments" time="0.068" /><testcase classname="backend.tests.test_gradebook_ai_grades_integration.TestGradebookEndpoint" name="test_gradebook_grades_map_includes_ai_grades" time="0.069" /><testcase classname="backend.tests.test_gradebook_ai_grades_integration.TestGradebookEndpoint" name="test_gradebook_manual_grades_not_overwritten" time="0.065" /><testcase classname="backend.tests.test_gradebook_ai_grades_integration.TestGradeReportEndpoint" name="test_grade_report_returns_200" time="0.074" /><testcase classname="backend.tests.test_gradebook_ai_grades_integration.TestGradeReportEndpoint" name="test_grade_report_structure" time="0.069" /><testcase classname="backend.tests.test_gradebook_ai_grades_integration.TestGradeReportEndpoint" name="test_grade_report_counts_ai_assignments" time="0.071" /><testcase classname="backend.tests.test_gradebook_ai_grades_integration.TestGradeReportEndpoint" name="test_grade_report_student_ai_completed" time="0.071" /><testcase classname="backend.tests.test_gradebook_ai_grades_integration.TestReportCardEndpoint" name="test_report_card_returns_200" time="0.079" /><testcase classname="backend.tests.test_gradebook_ai_grades_integration.TestReportCardEndpoint" name="test_report_card_includes_ai_grades" time="0.071" /><testcase classname="backend.tests.test_gradebook_ai_grades_integration.TestReportCardEndpoint" name="test_report_card_gpa_calculation" time="0.068" /><testcase classname="backend.tests.test_gradebook_ai_grades_integration.TestNameMatching" name="test_names_match_helper_function" time="0.069" /><testcase classname="backend.tests.test_gradebook_ai_grades_integration.TestNameMatching" name="test_partial_name_matching_via_gradebook" time="0.068" /><testcase classname="backend.tests.test_gradebook_ai_grades_integration.TestDataConsistency" name="test_grades_consistent_across_endpoints" time="0.148" /><testcase classname="backend.tests.test_gradebook_ai_grades_integration.TestDataConsistency" name="test_student_grades_match" time="0.150" /><testcase classname="backend.tests.test_gradebook_ai_grades_integration.TestEdgeCases" name="test_empty_class_gradebook" time="0.064" /><testcase classname="backend.tests.test_gradebook_ai_grades_integration.TestEdgeCases" name="test_nonexistent_class_returns_404" time="0.106" /></testsuite></testsuites>