<?xml version="1.0" encoding="utf-8"?><testsuites name="pytest tests"><testsuite name="pytest" errors="0" failures="0" skipped="0" tests="12" time="12.161" timestamp="2026-02-19T21:33:50.352021+00:00" hostname="agent-env-f673e5f7-fab9-4c2b-8277-9d0303e61269"><testcase classname="backend.tests.test_portal_language_games.TestPortalLanguageSelection" name="test_generate_portal_token_spanish" time="0.778" /><testcase classname="backend.tests.test_portal_language_games.TestPortalLanguageSelection" name="test_generate_portal_token_english" time="0.587" /><testcase classname="backend.tests.test_portal_language_games.TestPortalLanguageSelection" name="test_generate_portal_token_french" time="0.450" /><testcase classname="backend.tests.test_portal_language_games.TestPortalLanguageSelection" name="test_generate_portal_token_portuguese" time="0.552" /><testcase classname="backend.tests.test_portal_language_games.TestPortalLanguageSelection" name="test_portal_returns_stored_language" time="0.536" /><testcase classname="backend.tests.test_portal_language_games.TestEducationalGamesAPI" name="test_get_games_empty_or_list" time="0.468" /><testcase classname="backend.tests.test_portal_language_games.TestEducationalGamesAPI" name="test_save_game" time="0.518" /><testcase classname="backend.tests.test_portal_language_games.TestEducationalGamesAPI" name="test_get_saved_game_by_id" time="0.613" /><testcase classname="backend.tests.test_portal_language_games.TestEducationalGamesAPI" name="test_get_nonexistent_game_returns_404" time="0.506" /><testcase classname="backend.tests.test_portal_language_games.TestEducationalGamesAPI" name="test_games_list_includes_saved_game" time="0.536" /><testcase classname="backend.tests.test_portal_language_games.TestGameGenerationEndpoint" name="test_generate_game_endpoint_exists" time="5.707" /><testcase classname="backend.tests.test_portal_language_games.TestPortalLanguageIntegration" name="test_different_languages_create_different_tokens" time="0.835" /></testsuite></testsuites>