<?xml version="1.0" encoding="utf-8"?><testsuites name="pytest tests"><testsuite name="pytest" errors="0" failures="0" skipped="0" tests="8" time="11.290" timestamp="2026-03-17T22:05:18.876887+00:00" hostname="agent-env-35314b90-7fa0-45fe-8019-12ee022e88b0"><testcase classname="backend.tests.test_pdf_parsing.TestPDFParsing" name="test_parse_pdf_endpoint_exists" time="2.071" /><testcase classname="backend.tests.test_pdf_parsing.TestPDFParsing" name="test_parse_pdf_with_valid_file" time="6.881" /><testcase classname="backend.tests.test_pdf_parsing.TestPDFParsing" name="test_parse_pdf_without_auth" time="0.514" /><testcase classname="backend.tests.test_pdf_parsing.TestPDFParsing" name="test_parse_pdf_invalid_file_type" time="0.450" /><testcase classname="backend.tests.test_pdf_parsing.TestStudentAssignmentAPI" name="test_student_assignment_with_parsed_questions" time="0.127" /><testcase classname="backend.tests.test_pdf_parsing.TestStudentAssignmentAPI" name="test_student_assignment_matching_questions" time="0.182" /><testcase classname="backend.tests.test_pdf_parsing.TestStudentAssignmentAPI" name="test_student_assignment_with_instructions" time="0.729" /><testcase classname="backend.tests.test_pdf_parsing.TestStudentSubmission" name="test_submission_with_all_question_types" time="0.272" /></testsuite></testsuites>