<?xml version="1.0" encoding="utf-8"?><testsuites name="pytest tests"><testsuite name="pytest" errors="0" failures="2" skipped="0" tests="20" time="11.955" timestamp="2026-02-20T19:11:18.343890+00:00" hostname="agent-env-2324a4a3-7edf-491d-8ab1-608cec9de637"><testcase classname="backend.tests.test_game_validation.TestValidationEndpoints" name="test_validate_endpoint_valid_quiz" time="0.600" /><testcase classname="backend.tests.test_game_validation.TestValidationEndpoints" name="test_validate_endpoint_invalid_quiz" time="0.467" /><testcase classname="backend.tests.test_game_validation.TestValidationEndpoints" name="test_smoke_test_endpoint_valid_game" time="0.453" /><testcase classname="backend.tests.test_game_validation.TestValidationEndpoints" name="test_smoke_test_endpoint_invalid_game" time="0.491" /><testcase classname="backend.tests.test_game_validation.TestValidationEndpoints" name="test_full_validation_endpoint" time="1.138" /><testcase classname="backend.tests.test_game_validation.TestAllGameTypesValidation" name="test_quiz_validation" time="0.471" /><testcase classname="backend.tests.test_game_validation.TestAllGameTypesValidation" name="test_true_false_validation" time="0.469" /><testcase classname="backend.tests.test_game_validation.TestAllGameTypesValidation" name="test_fill_blanks_validation" time="0.548" /><testcase classname="backend.tests.test_game_validation.TestAllGameTypesValidation" name="test_matching_validation" time="0.584" /><testcase classname="backend.tests.test_game_validation.TestAllGameTypesValidation" name="test_flashcards_validation" time="0.485" /><testcase classname="backend.tests.test_game_validation.TestAllGameTypesValidation" name="test_word_search_validation" time="0.524" /><testcase classname="backend.tests.test_game_validation.TestAllGameTypesValidation" name="test_crossword_validation" time="0.500" /><testcase classname="backend.tests.test_game_validation.TestAllGameTypesValidation" name="test_drag_drop_validation" time="0.663" /><testcase classname="backend.tests.test_game_validation.TestInvalidGameDetection" name="test_empty_questions_rejected" time="0.640" /><testcase classname="backend.tests.test_game_validation.TestInvalidGameDetection" name="test_missing_title_rejected" time="0.525" /><testcase classname="backend.tests.test_game_validation.TestInvalidGameDetection" name="test_mismatched_correct_answer_rejected" time="0.540" /><testcase classname="backend.tests.test_game_validation.TestInvalidGameDetection" name="test_drag_drop_mismatched_order_rejected" time="0.548" /><testcase classname="backend.tests.test_game_validation.TestGameSaveWithValidation" name="test_save_valid_game_succeeds" time="0.503"><failure message="AssertionError: assert None == 'passed'&#10; +  where None = &lt;built-in method get of dict object at 0xf8094dc469c0&gt;('validation_status')&#10; +    where &lt;built-in method get of dict object at 0xf8094dc469c0&gt; = {'game_id': 'test_valid_save_1771614688', 'message': 'Game saved'}.get">backend/tests/test_game_validation.py:410: in test_save_valid_game_succeeds
    assert data.get("validation_status") == "passed"
E   AssertionError: assert None == 'passed'
E    +  where None = &lt;built-in method get of dict object at 0xf8094dc469c0&gt;('validation_status')
E    +    where &lt;built-in method get of dict object at 0xf8094dc469c0&gt; = {'game_id': 'test_valid_save_1771614688', 'message': 'Game saved'}.get</failure></testcase><testcase classname="backend.tests.test_game_validation.TestGameSaveWithValidation" name="test_save_invalid_game_rejected" time="0.754"><failure message="assert 200 == 400&#10; +  where 200 = &lt;Response [200]&gt;.status_code">backend/tests/test_game_validation.py:425: in test_save_invalid_game_rejected
    assert response.status_code == 400
E   assert 200 == 400
E    +  where 200 = &lt;Response [200]&gt;.status_code</failure></testcase><testcase classname="backend.tests.test_game_validation.TestGameRestartFunctionality" name="test_progress_can_be_reset" time="0.878" /></testsuite></testsuites>