<?xml version="1.0" encoding="utf-8"?><testsuites name="pytest tests"><testsuite name="pytest" errors="0" failures="0" skipped="0" tests="9" time="2.221" timestamp="2026-02-26T22:57:06.766663+00:00" hostname="agent-env-5c35ca6d-07f0-4a57-86a4-01532ef65972"><testcase classname="backend.tests.test_p0_all_modes_fixes.TestP0FillBlankInAllModes" name="test_all_modes_session_exists_and_active" time="0.160" /><testcase classname="backend.tests.test_p0_all_modes_fixes.TestP0FillBlankInAllModes" name="test_participant_has_selected_mode_stored" time="0.139" /><testcase classname="backend.tests.test_p0_all_modes_fixes.TestP0FillBlankInAllModes" name="test_fill_blank_answer_validation_in_all_modes" time="0.284" /><testcase classname="backend.tests.test_p0_all_modes_fixes.TestP0FillBlankInAllModes" name="test_fill_blank_case_insensitive_validation" time="0.261" /><testcase classname="backend.tests.test_p0_all_modes_fixes.TestP0HostViewSelectedMode" name="test_session_returns_selected_mode_for_participants" time="0.123" /><testcase classname="backend.tests.test_p0_all_modes_fixes.TestP0HostViewSelectedMode" name="test_select_mode_stores_mode_in_participant" time="0.270" /><testcase classname="backend.tests.test_p0_all_modes_fixes.TestAllModesSessionFlow" name="test_join_select_mode_play_flow" time="0.297" /><testcase classname="backend.tests.test_p0_all_modes_fixes.TestTrueFalseValidation" name="test_true_false_correct_answer" time="0.339" /><testcase classname="backend.tests.test_p0_all_modes_fixes.TestQuizValidation" name="test_quiz_correct_answer" time="0.280" /></testsuite></testsuites>