<?xml version="1.0" encoding="utf-8"?><testsuites name="pytest tests"><testsuite name="pytest" errors="0" failures="0" skipped="0" tests="13" time="16.587" timestamp="2026-03-27T00:40:53.255011+00:00" hostname="agent-env-35314b90-7fa0-45fe-8019-12ee022e88b0"><testcase classname="backend.tests.test_chatbot_leads.TestChatbotMessageEndpoint" name="test_chatbot_message_basic" time="2.918" /><testcase classname="backend.tests.test_chatbot_leads.TestChatbotMessageEndpoint" name="test_chatbot_message_with_interest" time="6.289" /><testcase classname="backend.tests.test_chatbot_leads.TestChatbotMessageEndpoint" name="test_chatbot_message_district_admin" time="4.716" /><testcase classname="backend.tests.test_chatbot_leads.TestLeadCaptureEndpoint" name="test_capture_lead_teacher_medium_priority" time="0.142" /><testcase classname="backend.tests.test_chatbot_leads.TestLeadCaptureEndpoint" name="test_capture_lead_district_high_priority" time="0.145" /><testcase classname="backend.tests.test_chatbot_leads.TestLeadCaptureEndpoint" name="test_capture_lead_administrator_high_priority" time="0.176" /><testcase classname="backend.tests.test_chatbot_leads.TestLeadCaptureEndpoint" name="test_capture_lead_minimal_fields" time="0.126" /><testcase classname="backend.tests.test_chatbot_leads.TestLeadsListEndpoint" name="test_leads_list_requires_auth" time="0.153" /><testcase classname="backend.tests.test_chatbot_leads.TestLeadsListEndpoint" name="test_leads_list_with_auth" time="0.482" /><testcase classname="backend.tests.test_chatbot_leads.TestLeadsStatsEndpoint" name="test_leads_stats_requires_auth" time="0.103" /><testcase classname="backend.tests.test_chatbot_leads.TestLeadsStatsEndpoint" name="test_leads_stats_with_auth" time="0.412" /><testcase classname="backend.tests.test_chatbot_leads.TestLeadScoring" name="test_scoring_high_priority_roles" time="0.503" /><testcase classname="backend.tests.test_chatbot_leads.TestLeadScoring" name="test_scoring_high_priority_interests" time="0.351" /></testsuite></testsuites>