<?xml version="1.0" encoding="utf-8"?><testsuites name="pytest tests"><testsuite name="pytest" errors="0" failures="0" skipped="0" tests="18" time="48.284" timestamp="2026-02-27T01:04:53.083698+00:00" hostname="agent-env-5c35ca6d-07f0-4a57-86a4-01532ef65972"><testcase classname="backend.tests.test_word_search_scoring_bugs.TestWordSearchScoringBugFixes" name="test_01_create_word_search_assignment_and_session" time="15.884" /><testcase classname="backend.tests.test_word_search_scoring_bugs.TestWordSearchScoringBugFixes" name="test_02_verify_word_search_game_payload_structure" time="0.657" /><testcase classname="backend.tests.test_word_search_scoring_bugs.TestWordSearchScoringBugFixes" name="test_03_join_session_as_participant" time="0.524" /><testcase classname="backend.tests.test_word_search_scoring_bugs.TestWordSearchScoringBugFixes" name="test_04_word_search_answer_validation_correct_word" time="0.486" /><testcase classname="backend.tests.test_word_search_scoring_bugs.TestWordSearchScoringBugFixes" name="test_05_word_search_answer_validation_lowercase" time="0.499" /><testcase classname="backend.tests.test_word_search_scoring_bugs.TestWordSearchScoringBugFixes" name="test_06_submit_all_remaining_words" time="0.813" /><testcase classname="backend.tests.test_word_search_scoring_bugs.TestWordSearchScoringBugFixes" name="test_07_complete_session_total_questions_equals_words_count" time="0.525" /><testcase classname="backend.tests.test_word_search_scoring_bugs.TestWordSearchScoringBugFixes" name="test_08_complete_session_accuracy_and_missed_count" time="0.346" /><testcase classname="backend.tests.test_word_search_scoring_bugs.TestSequenceAnswerValidation" name="test_01_create_sequence_session" time="12.291" /><testcase classname="backend.tests.test_word_search_scoring_bugs.TestSequenceAnswerValidation" name="test_02_verify_sequence_game_payload" time="0.547" /><testcase classname="backend.tests.test_word_search_scoring_bugs.TestSequenceAnswerValidation" name="test_03_join_sequence_session" time="0.588" /><testcase classname="backend.tests.test_word_search_scoring_bugs.TestSequenceAnswerValidation" name="test_04_sequence_answer_validation_correct_position" time="0.563" /><testcase classname="backend.tests.test_word_search_scoring_bugs.TestSequenceAnswerValidation" name="test_05_sequence_answer_validation_wrong_position" time="0.507" /><testcase classname="backend.tests.test_word_search_scoring_bugs.TestMemoryGameAnswerValidation" name="test_01_create_memory_session" time="11.611" /><testcase classname="backend.tests.test_word_search_scoring_bugs.TestMemoryGameAnswerValidation" name="test_02_verify_memory_game_payload" time="0.527" /><testcase classname="backend.tests.test_word_search_scoring_bugs.TestMemoryGameAnswerValidation" name="test_03_join_memory_session" time="0.467" /><testcase classname="backend.tests.test_word_search_scoring_bugs.TestMemoryGameAnswerValidation" name="test_04_memory_answer_always_correct" time="0.508" /><testcase classname="backend.tests.test_word_search_scoring_bugs.TestMemoryGameAnswerValidation" name="test_05_memory_completion_total_equals_pairs" time="0.857" /></testsuite></testsuites>