<?xml version="1.0" encoding="utf-8"?><testsuites name="pytest tests"><testsuite name="pytest" errors="0" failures="0" skipped="0" tests="12" time="349.055" timestamp="2026-02-20T14:08:56.280754+00:00" hostname="agent-env-9bda7edc-e0c5-4cce-9743-1844371f691f"><testcase classname="backend.tests.test_grade_subject_features.TestGradeLevelSubjectFeatures" name="test_adaptive_learning_generate_path_with_grade_level_k2" time="44.725" /><testcase classname="backend.tests.test_grade_subject_features.TestGradeLevelSubjectFeatures" name="test_adaptive_learning_generate_path_with_grade_level_9_12" time="46.716" /><testcase classname="backend.tests.test_grade_subject_features.TestGradeLevelSubjectFeatures" name="test_adaptive_learning_all_grade_levels_accepted" time="168.626" /><testcase classname="backend.tests.test_grade_subject_features.TestGradeLevelSubjectFeatures" name="test_games_generate_with_subject_math" time="5.620" /><testcase classname="backend.tests.test_grade_subject_features.TestGradeLevelSubjectFeatures" name="test_games_generate_with_subject_english" time="4.273" /><testcase classname="backend.tests.test_grade_subject_features.TestGradeLevelSubjectFeatures" name="test_games_generate_with_subject_science" time="5.501" /><testcase classname="backend.tests.test_grade_subject_features.TestGradeLevelSubjectFeatures" name="test_games_generate_with_subject_social_studies" time="4.489" /><testcase classname="backend.tests.test_grade_subject_features.TestGradeLevelSubjectFeatures" name="test_games_generate_all_subjects_accepted" time="49.435" /><testcase classname="backend.tests.test_grade_subject_features.TestGradeLevelSubjectFeatures" name="test_games_generate_all_grade_levels_accepted" time="18.105" /><testcase classname="backend.tests.test_grade_subject_features.TestGradeLevelSubjectFeatures" name="test_games_save_with_grade_level_and_subject" time="0.523" /><testcase classname="backend.tests.test_grade_subject_features.TestGradeLevelSubjectFeatures" name="test_games_list_includes_grade_level_and_subject" time="0.519" /><testcase classname="backend.tests.test_grade_subject_features.TestGradeLevelSubjectFeatures" name="test_cleanup_test_games" time="0.459" /></testsuite></testsuites>