<?xml version="1.0" encoding="utf-8"?><testsuites name="pytest tests"><testsuite name="pytest" errors="0" failures="0" skipped="0" tests="14" time="125.406" timestamp="2026-02-15T22:24:28.340815+00:00" hostname="agent-env-ade0d9ba-381e-4d26-8f2a-b85a0d3f69d4"><testcase classname="backend.tests.test_ai_endpoints.TestAuthentication" name="test_login_success" time="0.515" /><testcase classname="backend.tests.test_ai_endpoints.TestAuthentication" name="test_login_invalid_credentials" time="0.174" /><testcase classname="backend.tests.test_ai_endpoints.TestDashboard" name="test_dashboard_data" time="0.526" /><testcase classname="backend.tests.test_ai_endpoints.TestClasses" name="test_list_classes" time="0.490" /><testcase classname="backend.tests.test_ai_endpoints.TestLessonPlans" name="test_list_plans" time="0.421" /><testcase classname="backend.tests.test_ai_endpoints.TestLessonPlans" name="test_create_and_delete_plan" time="0.855" /><testcase classname="backend.tests.test_ai_endpoints.TestAIGeneration" name="test_ai_generate_lesson_plan" time="32.357" /><testcase classname="backend.tests.test_ai_endpoints.TestAIGeneration" name="test_ai_generate_quiz" time="25.649" /><testcase classname="backend.tests.test_ai_endpoints.TestAIGeneration" name="test_ai_generate_summary" time="29.889" /><testcase classname="backend.tests.test_ai_endpoints.TestAIChat" name="test_ai_chat_single_message" time="12.661" /><testcase classname="backend.tests.test_ai_endpoints.TestAIChat" name="test_ai_chat_multi_turn" time="19.790" /><testcase classname="backend.tests.test_ai_endpoints.TestAITemplates" name="test_get_starter_templates" time="0.506" /><testcase classname="backend.tests.test_ai_endpoints.TestAITemplates" name="test_get_weekly_template" time="0.434" /><testcase classname="backend.tests.test_ai_endpoints.TestAIGenerations" name="test_get_user_generations" time="1.038" /></testsuite></testsuites>