<?xml version="1.0" encoding="utf-8"?><testsuites name="pytest tests"><testsuite name="pytest" errors="0" failures="0" skipped="0" tests="15" time="2.763" timestamp="2026-02-12T20:21:17.907310+00:00" hostname="agent-env-b3429664-2436-4071-b9c3-b7a54408c88c"><testcase classname="backend.tests.test_super_admin.TestSuperAdminAuth" name="test_login_super_admin" time="0.325" /><testcase classname="backend.tests.test_super_admin.TestSuperAdminOverview" name="test_get_overview" time="0.310" /><testcase classname="backend.tests.test_super_admin.TestSuperAdminSchools" name="test_get_all_schools" time="0.297" /><testcase classname="backend.tests.test_super_admin.TestSuperAdminSchools" name="test_create_school" time="0.089" /><testcase classname="backend.tests.test_super_admin.TestSuperAdminSchools" name="test_update_school" time="0.079" /><testcase classname="backend.tests.test_super_admin.TestSuperAdminSchools" name="test_delete_school" time="0.080" /><testcase classname="backend.tests.test_super_admin.TestSuperAdminUsers" name="test_get_all_users" time="0.297" /><testcase classname="backend.tests.test_super_admin.TestSuperAdminUsers" name="test_create_user" time="0.350" /><testcase classname="backend.tests.test_super_admin.TestSuperAdminUsers" name="test_update_user" time="0.299" /><testcase classname="backend.tests.test_super_admin.TestSuperAdminUsers" name="test_reset_password" time="0.263" /><testcase classname="backend.tests.test_super_admin.TestSuperAdminUsers" name="test_delete_user" time="0.069" /><testcase classname="backend.tests.test_super_admin.TestSuperAdminUsers" name="test_cannot_delete_super_admin_self" time="0.074" /><testcase classname="backend.tests.test_super_admin.TestSuperAdminAccessControl" name="test_unauthorized_access_overview" time="0.033" /><testcase classname="backend.tests.test_super_admin.TestSuperAdminAccessControl" name="test_unauthorized_access_schools" time="0.032" /><testcase classname="backend.tests.test_super_admin.TestSuperAdminAccessControl" name="test_unauthorized_access_users" time="0.035" /></testsuite></testsuites>