<?xml version="1.0" encoding="utf-8"?><testsuites name="pytest tests"><testsuite name="pytest" errors="0" failures="0" skipped="1" tests="9" time="64.772" timestamp="2026-02-24T21:41:08.343119+00:00" hostname="agent-env-65f15c03-cf23-42df-ac40-3243ec2303de"><testcase classname="tests.test_question_regeneration.TestQuestionRegeneration" name="test_regenerate_questions_returns_new_questions" time="8.891" /><testcase classname="tests.test_question_regeneration.TestQuestionRegeneration" name="test_regenerated_questions_are_completely_different" time="8.691" /><testcase classname="tests.test_question_regeneration.TestQuestionRegeneration" name="test_multiple_consecutive_regenerations_produce_different_questions" time="37.540" /><testcase classname="tests.test_question_regeneration.TestContentDerivation" name="test_game_without_original_content_can_regenerate" time="0.393" /><testcase classname="tests.test_question_regeneration.TestTrueFalseRegeneration" name="test_true_false_regeneration_creates_different_statements" time="0.355"><skipped type="pytest.skip" message="Regeneration not available: Subscription required for question regeneration">/app/backend/tests/test_question_regeneration.py:253: Regeneration not available: Subscription required for question regeneration</skipped></testcase><testcase classname="tests.test_question_regeneration.TestTimeTracking" name="test_new_play_records_time_correctly" time="0.313" /><testcase classname="tests.test_question_regeneration.TestTimeTracking" name="test_historical_zero_time_is_expected" time="0.177" /><testcase classname="tests.test_question_regeneration.TestRegenerationEndpointValidation" name="test_regenerate_nonexistent_game_returns_404" time="0.270" /><testcase classname="tests.test_question_regeneration.TestRegenerationEndpointValidation" name="test_regenerate_without_player_name_works" time="8.082" /></testsuite></testsuites>