<?xml version="1.0" encoding="utf-8"?><testsuites name="pytest tests"><testsuite name="pytest" errors="0" failures="0" skipped="0" tests="7" time="2.677" timestamp="2026-03-17T14:13:55.576580+00:00" hostname="agent-env-35314b90-7fa0-45fe-8019-12ee022e88b0"><testcase classname="backend.tests.test_student_link_feature.TestStudentLinkFeature" name="test_student_endpoint_with_existing_manual_token" time="0.260" /><testcase classname="backend.tests.test_student_link_feature.TestStudentLinkFeature" name="test_student_endpoint_returns_attachments" time="0.130" /><testcase classname="backend.tests.test_student_link_feature.TestStudentLinkFeature" name="test_student_endpoint_with_invalid_token" time="0.188" /><testcase classname="backend.tests.test_student_link_feature.TestStudentLinkFeature" name="test_create_manual_assignment_returns_public_token" time="0.687" /><testcase classname="backend.tests.test_student_link_feature.TestStudentLinkFeature" name="test_ai_assignment_returns_public_token" time="0.794" /><testcase classname="backend.tests.test_student_link_feature.TestStudentLinkFeature" name="test_student_can_submit_manual_assignment" time="0.176" /><testcase classname="backend.tests.test_student_link_feature.TestMatchingQuestionPreview" name="test_matching_pairs_structure_in_ai_generation" time="0.391" /></testsuite></testsuites>