<?xml version="1.0" encoding="utf-8"?><testsuites name="pytest tests"><testsuite name="pytest" errors="0" failures="1" skipped="3" tests="18" time="0.931" timestamp="2026-02-12T22:47:04.684424+00:00" hostname="agent-env-b3429664-2436-4071-b9c3-b7a54408c88c"><testcase classname="backend.tests.test_semester_portal_email.TestSemesterCRUD" name="test_get_semesters" time="0.347" /><testcase classname="backend.tests.test_semester_portal_email.TestSemesterCRUD" name="test_get_active_semester" time="0.051" /><testcase classname="backend.tests.test_semester_portal_email.TestSemesterCRUD" name="test_create_semester" time="0.012" /><testcase classname="backend.tests.test_semester_portal_email.TestSemesterCRUD" name="test_update_semester" time="0.025" /><testcase classname="backend.tests.test_semester_portal_email.TestSemesterCRUD" name="test_toggle_semester_active_status" time="0.079" /><testcase classname="backend.tests.test_semester_portal_email.TestSemesterCRUD" name="test_delete_semester" time="0.018" /><testcase classname="backend.tests.test_semester_portal_email.TestSemesterCRUD" name="test_delete_semester_with_classes_fails" time="0.060" /><testcase classname="backend.tests.test_semester_portal_email.TestGradebookSemesterSelector" name="test_gradebook_endpoint_exists" time="0.010" /><testcase classname="backend.tests.test_semester_portal_email.TestGradebookSemesterSelector" name="test_semesters_available_for_gradebook" time="0.009" /><testcase classname="backend.tests.test_semester_portal_email.TestGradebookReportsSemesterFilter" name="test_gradebook_report_endpoint" time="0.062" /><testcase classname="backend.tests.test_semester_portal_email.TestPortalEmailFunctionality" name="test_portal_token_with_expiration" time="0.031"><failure message="AttributeError: 'NoneType' object has no attribute 'replace'">backend/tests/test_semester_portal_email.py:268: in test_portal_token_with_expiration
    expires_at = datetime.fromisoformat(data["expires_at"].replace("Z", "+00:00"))
                                        ^^^^^^^^^^^^^^^^^^^^^^^^^^
E   AttributeError: 'NoneType' object has no attribute 'replace'</failure></testcase><testcase classname="backend.tests.test_semester_portal_email.TestPortalEmailFunctionality" name="test_portal_email_endpoint_exists" time="0.000"><skipped type="pytest.skip" message="No test student available">/app/backend/tests/test_semester_portal_email.py:278: No test student available</skipped></testcase><testcase classname="backend.tests.test_semester_portal_email.TestPortalEmailFunctionality" name="test_portal_email_with_different_expiration_days" time="0.000"><skipped type="pytest.skip" message="No test student available">/app/backend/tests/test_semester_portal_email.py:294: No test student available</skipped></testcase><testcase classname="backend.tests.test_semester_portal_email.TestPortalEmailFunctionality" name="test_portal_token_expiration_validation" time="0.000"><skipped type="pytest.skip" message="No test student available">/app/backend/tests/test_semester_portal_email.py:309: No test student available</skipped></testcase><testcase classname="backend.tests.test_semester_portal_email.TestPortalEmailRequestModel" name="test_portal_email_requires_student_id" time="0.052" /><testcase classname="backend.tests.test_semester_portal_email.TestPortalEmailRequestModel" name="test_portal_email_requires_valid_email" time="0.035" /><testcase classname="backend.tests.test_semester_portal_email.TestPortalEmailRequestModel" name="test_portal_email_invalid_student_returns_404" time="0.012" /><testcase classname="backend.tests.test_semester_portal_email.TestSemesterAdminPermissions" name="test_semester_create_requires_admin" time="0.040" /></testsuite></testsuites>