<?xml version="1.0" encoding="utf-8"?><testsuites name="pytest tests"><testsuite name="pytest" errors="0" failures="0" skipped="0" tests="11" time="20.836" timestamp="2026-02-16T22:15:41.957922+00:00" hostname="agent-env-0a25dbca-54b8-464e-9409-e9f795952519"><testcase classname="backend.tests.test_presentation_endpoints.TestPresentationEndpoints" name="test_ai_presentation_generate_success" time="13.233" /><testcase classname="backend.tests.test_presentation_endpoints.TestPresentationEndpoints" name="test_ai_presentation_generate_missing_fields" time="0.634" /><testcase classname="backend.tests.test_presentation_endpoints.TestPresentationEndpoints" name="test_create_presentation" time="0.832" /><testcase classname="backend.tests.test_presentation_endpoints.TestPresentationEndpoints" name="test_list_presentations" time="0.899" /><testcase classname="backend.tests.test_presentation_endpoints.TestPresentationEndpoints" name="test_get_presentation_by_id" time="0.700" /><testcase classname="backend.tests.test_presentation_endpoints.TestPresentationEndpoints" name="test_get_presentation_not_found" time="0.541" /><testcase classname="backend.tests.test_presentation_endpoints.TestPresentationEndpoints" name="test_update_presentation" time="0.819" /><testcase classname="backend.tests.test_presentation_endpoints.TestPresentationEndpoints" name="test_update_presentation_not_found" time="0.561" /><testcase classname="backend.tests.test_presentation_endpoints.TestPresentationEndpoints" name="test_delete_presentation" time="0.790" /><testcase classname="backend.tests.test_presentation_endpoints.TestPresentationEndpoints" name="test_delete_presentation_not_found" time="0.664" /><testcase classname="backend.tests.test_presentation_endpoints.TestPresentationEndpoints" name="test_full_crud_flow" time="1.104" /></testsuite></testsuites>