<?xml version="1.0" encoding="utf-8"?><testsuites name="pytest tests"><testsuite name="pytest" errors="0" failures="0" skipped="0" tests="9" time="184.101" timestamp="2026-02-27T22:00:20.111677+00:00" hostname="agent-env-5c35ca6d-07f0-4a57-86a4-01532ef65972"><testcase classname="backend.tests.test_host_dashboard_realtime.TestHostDashboardRealtime" name="test_create_word_search_session_self_paced" time="21.674" /><testcase classname="backend.tests.test_host_dashboard_realtime.TestHostDashboardRealtime" name="test_word_search_total_questions_calculation" time="20.584" /><testcase classname="backend.tests.test_host_dashboard_realtime.TestHostDashboardRealtime" name="test_memory_game_total_questions_calculation" time="37.390" /><testcase classname="backend.tests.test_host_dashboard_realtime.TestHostDashboardRealtime" name="test_sequence_game_total_questions_calculation" time="24.528" /><testcase classname="backend.tests.test_host_dashboard_realtime.TestHostDashboardRealtime" name="test_flashcard_game_total_questions_calculation" time="22.484" /><testcase classname="backend.tests.test_host_dashboard_realtime.TestHostDashboardRealtime" name="test_self_paced_answer_submission_updates_participant" time="14.916" /><testcase classname="backend.tests.test_host_dashboard_realtime.TestHostDashboardRealtime" name="test_all_modes_session_player_mode_selection" time="21.236" /><testcase classname="backend.tests.test_host_dashboard_realtime.TestHostDashboardRealtime" name="test_complete_session_uses_correct_total_for_game_type" time="20.847" /><testcase classname="backend.tests.test_host_dashboard_realtime.TestWebSocketBroadcastForSelfPaced" name="test_backend_code_broadcasts_for_all_modes" time="0.386" /></testsuite></testsuites>