<?xml version="1.0" encoding="utf-8"?><testsuites name="pytest tests"><testsuite name="pytest" errors="0" failures="0" skipped="0" tests="14" time="214.789" timestamp="2026-02-19T16:52:24.635126+00:00" hostname="agent-env-f673e5f7-fab9-4c2b-8277-9d0303e61269"><testcase classname="backend.tests.test_adaptive_learning.TestGetAllStudents" name="test_get_students_returns_list" time="0.200" /><testcase classname="backend.tests.test_adaptive_learning.TestGetAllStudents" name="test_get_students_contains_test_student" time="0.166" /><testcase classname="backend.tests.test_adaptive_learning.TestGetAllStudents" name="test_get_students_requires_auth" time="0.166" /><testcase classname="backend.tests.test_adaptive_learning.TestGenerateLearningPath" name="test_generate_path_success" time="46.508" /><testcase classname="backend.tests.test_adaptive_learning.TestGenerateLearningPath" name="test_generate_path_different_subjects" time="165.731" /><testcase classname="backend.tests.test_adaptive_learning.TestGenerateLearningPath" name="test_generate_path_invalid_student" time="0.238" /><testcase classname="backend.tests.test_adaptive_learning.TestGenerateLearningPath" name="test_generate_path_requires_auth" time="0.158" /><testcase classname="backend.tests.test_adaptive_learning.TestCompleteLesson" name="test_complete_lesson_success" time="0.197" /><testcase classname="backend.tests.test_adaptive_learning.TestCompleteLesson" name="test_complete_lesson_updates_progress" time="0.373" /><testcase classname="backend.tests.test_adaptive_learning.TestCompleteLesson" name="test_complete_lesson_requires_auth" time="0.190" /><testcase classname="backend.tests.test_adaptive_learning.TestGetProgress" name="test_get_progress_returns_list" time="0.271" /><testcase classname="backend.tests.test_adaptive_learning.TestGetProgress" name="test_get_progress_contains_expected_fields" time="0.126" /><testcase classname="backend.tests.test_adaptive_learning.TestGetProgress" name="test_get_progress_empty_for_new_student" time="0.144" /><testcase classname="backend.tests.test_adaptive_learning.TestGetProgress" name="test_get_progress_requires_auth" time="0.254" /></testsuite></testsuites>