<?xml version="1.0" encoding="utf-8"?><testsuites name="pytest tests"><testsuite name="pytest" errors="0" failures="1" skipped="0" tests="9" time="20.984" timestamp="2026-08-04T23:29:13.140101+00:00" hostname="agent-env-35314b90-7fa0-45fe-8019-12ee022e88b0"><testcase classname="backend.tests.backend_test" name="test_login_flow_sets_cookie_and_returns_user" time="0.714" /><testcase classname="backend.tests.backend_test" name="test_ai_lesson_generation_starts_processing" time="19.011" /><testcase classname="backend.tests.backend_test" name="test_ai_lesson_generation_completes_with_content" time="0.000" /><testcase classname="backend.tests.backend_test" name="test_ai_job_returns_processing_while_running" time="0.072" /><testcase classname="backend.tests.backend_test" name="test_completed_ai_job_can_be_polled_second_and_third_time" time="0.127" /><testcase classname="backend.tests.backend_test" name="test_failed_ai_job_returns_body_and_is_idempotent" time="0.189" /><testcase classname="backend.tests.backend_test" name="test_failed_job_is_retained_for_full_two_minute_retry_window" time="0.132"><failure message="AssertionError: Failed job was deleted after 60 seconds instead of the required 120-second retry window: {&quot;detail&quot;:&quot;Job not found&quot;}&#10;assert 404 == 200&#10; +  where 404 = &lt;Response [404]&gt;.status_code">backend/tests/backend_test.py:267: in test_failed_job_is_retained_for_full_two_minute_retry_window
    assert second_retry.status_code == 200, (
E   AssertionError: Failed job was deleted after 60 seconds instead of the required 120-second retry window: {"detail":"Job not found"}
E   assert 404 == 200
E    +  where 404 = &lt;Response [404]&gt;.status_code</failure></testcase><testcase classname="backend.tests.backend_test" name="test_removed_ai_grading_debug_endpoints_return_404" time="0.293" /><testcase classname="backend.tests.backend_test" name="test_ai_job_poll_requires_auth" time="0.257" /></testsuite></testsuites>