<?xml version="1.0" encoding="utf-8"?><testsuites name="pytest tests"><testsuite name="pytest" errors="0" failures="0" skipped="0" tests="7" time="3.935" timestamp="2026-03-17T14:47:36.372409+00:00" hostname="agent-env-35314b90-7fa0-45fe-8019-12ee022e88b0"><testcase classname="backend.tests.test_school_logo_integration.TestSchoolLogoIntegration" name="test_student_endpoint_returns_school_fields" time="0.649" /><testcase classname="backend.tests.test_school_logo_integration.TestSchoolLogoIntegration" name="test_student_endpoint_returns_class_name" time="0.534" /><testcase classname="backend.tests.test_school_logo_integration.TestSchoolLogoIntegration" name="test_student_endpoint_without_correct_answers" time="0.522" /><testcase classname="backend.tests.test_school_logo_integration.TestSchoolLogoIntegration" name="test_student_endpoint_returns_assignment_details" time="0.546" /><testcase classname="backend.tests.test_school_logo_integration.TestSchoolLogoIntegration" name="test_invalid_token_returns_404" time="0.496" /><testcase classname="backend.tests.test_school_logo_integration.TestSchoolLogoIntegration" name="test_schools_endpoint_returns_logo_url" time="0.503" /><testcase classname="backend.tests.test_school_logo_integration.TestAIAssignmentSchoolLogo" name="test_ai_assignments_have_public_token" time="0.628" /></testsuite></testsuites>