<?xml version="1.0" encoding="utf-8"?><testsuites name="pytest tests"><testsuite name="pytest" errors="0" failures="0" skipped="0" tests="12" time="2.331" timestamp="2026-02-26T23:26:27.583065+00:00" hostname="agent-env-5c35ca6d-07f0-4a57-86a4-01532ef65972"><testcase classname="backend.tests.test_websocket_realtime.TestWebSocketConnection" name="test_session_exists_and_is_live" time="0.292" /><testcase classname="backend.tests.test_websocket_realtime.TestWebSocketConnection" name="test_session_has_participants" time="0.149" /><testcase classname="backend.tests.test_websocket_realtime.TestWebSocketConnection" name="test_websocket_endpoint_exists" time="0.186" /><testcase classname="backend.tests.test_websocket_realtime.TestPlayerJoinBroadcast" name="test_join_session_returns_participant_data" time="0.135" /><testcase classname="backend.tests.test_websocket_realtime.TestModeSelectionBroadcast" name="test_select_mode_updates_participant" time="0.307" /><testcase classname="backend.tests.test_websocket_realtime.TestAnswerSubmissionBroadcast" name="test_answer_submission_updates_score" time="0.411" /><testcase classname="backend.tests.test_websocket_realtime.TestParticipantDataPreservation" name="test_participant_data_includes_all_fields" time="0.109" /><testcase classname="backend.tests.test_websocket_realtime.TestWebSocketMessageTypes" name="test_backend_sends_player_joined_on_join" time="0.103" /><testcase classname="backend.tests.test_websocket_realtime.TestWebSocketMessageTypes" name="test_backend_sends_mode_selected_on_select" time="0.162" /><testcase classname="backend.tests.test_websocket_realtime.TestWebSocketMessageTypes" name="test_backend_sends_answer_submitted_on_answer" time="0.399" /><testcase classname="backend.tests.test_websocket_realtime.TestPollingFallback" name="test_frontend_code_has_15_second_polling" time="0.001" /><testcase classname="backend.tests.test_websocket_realtime.TestWebSocketConnectedMessage" name="test_backend_websocket_sends_full_participant_data" time="0.000" /></testsuite></testsuites>