<?xml version="1.0" encoding="utf-8"?><testsuites name="pytest tests"><testsuite name="pytest" errors="0" failures="4" skipped="0" tests="20" time="145.442" timestamp="2026-02-26T18:35:14.876956+00:00" hostname="agent-env-0e21b34c-40b3-45de-98a6-46f71a9808e8"><testcase classname="backend.tests.test_all_game_modes.TestAPIHealth" name="test_api_health" time="0.229" /><testcase classname="backend.tests.test_all_game_modes.TestMemoryGame" name="test_memory_session_exists" time="0.133" /><testcase classname="backend.tests.test_all_game_modes.TestMemoryGame" name="test_memory_pairs_structure" time="0.340" /><testcase classname="backend.tests.test_all_game_modes.TestMemoryGame" name="test_memory_pairs_are_unique" time="0.188" /><testcase classname="backend.tests.test_all_game_modes.TestFillBlankGame" name="test_fill_blank_session_exists" time="0.141" /><testcase classname="backend.tests.test_all_game_modes.TestFillBlankGame" name="test_fill_blank_sentence_has_blank" time="0.173" /><testcase classname="backend.tests.test_all_game_modes.TestFillBlankGame" name="test_fill_blank_has_answer" time="0.166" /><testcase classname="backend.tests.test_all_game_modes.TestFillBlankGame" name="test_fill_blank_answer_validation" time="0.466" /><testcase classname="backend.tests.test_all_game_modes.TestQuizGame" name="test_quiz_session_exists" time="0.144" /><testcase classname="backend.tests.test_all_game_modes.TestQuizGame" name="test_quiz_has_options" time="0.127" /><testcase classname="backend.tests.test_all_game_modes.TestQuizGame" name="test_quiz_answer_validation" time="0.493" /><testcase classname="backend.tests.test_all_game_modes.TestTrueFalseGame" name="test_create_true_false_session" time="14.212"><failure message="AssertionError: assert 'game_payload' in {'allowed_game_types': ['true_false'], 'assignment_id': 'pa_4eb6633b7f2541a8', 'created_at': '2026-02-26T18:35:31.770233+00:00', 'game_type': 'true_false', ...}">backend/tests/test_all_game_modes.py:330: in test_create_true_false_session
    assert "game_payload" in data
E   AssertionError: assert 'game_payload' in {'allowed_game_types': ['true_false'], 'assignment_id': 'pa_4eb6633b7f2541a8', 'created_at': '2026-02-26T18:35:31.770233+00:00', 'game_type': 'true_false', ...}</failure></testcase><testcase classname="backend.tests.test_all_game_modes.TestTrueFalseGame" name="test_true_false_answer_validation" time="15.623"><failure message="AssertionError: assert 'game_payload' in {'allowed_game_types': ['true_false'], 'assignment_id': 'pa_e3b63ccc87034a2a', 'created_at': '2026-02-26T18:35:47.405341+00:00', 'game_type': 'true_false', ...}">backend/tests/test_all_game_modes.py:349: in test_true_false_answer_validation
    session_data = self.test_create_true_false_session()
                   ^^^^^^^^^^^^^^^^^^^^^^^^^^^^^^^^^^^^^
backend/tests/test_all_game_modes.py:330: in test_create_true_false_session
    assert "game_payload" in data
E   AssertionError: assert 'game_payload' in {'allowed_game_types': ['true_false'], 'assignment_id': 'pa_e3b63ccc87034a2a', 'created_at': '2026-02-26T18:35:47.405341+00:00', 'game_type': 'true_false', ...}</failure></testcase><testcase classname="backend.tests.test_all_game_modes.TestMatchingGame" name="test_create_matching_session" time="18.711"><failure message="AssertionError: assert 'game_payload' in {'allowed_game_types': ['matching'], 'assignment_id': 'pa_ad817d21577f4c20', 'created_at': '2026-02-26T18:36:06.116350+00:00', 'game_type': 'matching', ...}">backend/tests/test_all_game_modes.py:443: in test_create_matching_session
    assert "game_payload" in data
E   AssertionError: assert 'game_payload' in {'allowed_game_types': ['matching'], 'assignment_id': 'pa_ad817d21577f4c20', 'created_at': '2026-02-26T18:36:06.116350+00:00', 'game_type': 'matching', ...}</failure></testcase><testcase classname="backend.tests.test_all_game_modes.TestFlashcardGame" name="test_create_flashcard_session" time="15.736"><failure message="AssertionError: assert 'game_payload' in {'allowed_game_types': ['flashcard'], 'assignment_id': 'pa_45431a6aaf324831', 'created_at': '2026-02-26T18:36:21.879450+00:00', 'game_type': 'flashcard', ...}">backend/tests/test_all_game_modes.py:516: in test_create_flashcard_session
    assert "game_payload" in data
E   AssertionError: assert 'game_payload' in {'allowed_game_types': ['flashcard'], 'assignment_id': 'pa_45431a6aaf324831', 'created_at': '2026-02-26T18:36:21.879450+00:00', 'game_type': 'flashcard', ...}</failure></testcase><testcase classname="backend.tests.test_all_game_modes.TestAllModesSelection" name="test_create_all_modes_session" time="13.556" /><testcase classname="backend.tests.test_all_game_modes.TestAllModesSelection" name="test_select_mode_quiz" time="20.269" /><testcase classname="backend.tests.test_all_game_modes.TestAllModesSelection" name="test_select_mode_memory" time="15.480" /><testcase classname="backend.tests.test_all_game_modes.TestAllModesSelection" name="test_select_mode_fill_blank" time="14.340" /><testcase classname="backend.tests.test_all_game_modes.TestTeacherHostView" name="test_participant_mode_stored_in_session" time="14.757" /></testsuite></testsuites>