<?xml version="1.0" encoding="utf-8"?><testsuites name="pytest tests"><testsuite name="pytest" errors="0" failures="0" skipped="0" tests="12" time="2.697" timestamp="2026-02-24T14:46:33.844782+00:00" hostname="agent-env-ac095a95-e377-4ee4-97af-56b763304a30"><testcase classname="backend.tests.test_game_grade_analytics.TestAnalyticsEndpoint" name="test_analytics_returns_game_stats_array" time="0.239" /><testcase classname="backend.tests.test_game_grade_analytics.TestAnalyticsEndpoint" name="test_analytics_returns_unique_players" time="0.175" /><testcase classname="backend.tests.test_game_grade_analytics.TestAnalyticsEndpoint" name="test_game_stats_contains_required_fields" time="0.190" /><testcase classname="backend.tests.test_game_grade_analytics.TestAnalyticsEndpoint" name="test_analytics_contains_total_games" time="0.137" /><testcase classname="backend.tests.test_game_grade_analytics.TestGradeSettingsEndpoint" name="test_grade_settings_endpoint_exists" time="0.255" /><testcase classname="backend.tests.test_game_grade_analytics.TestGradeSettingsEndpoint" name="test_grade_settings_with_all_methods" time="0.288" /><testcase classname="backend.tests.test_game_grade_analytics.TestQuestionRegenerationEndpoint" name="test_regenerate_questions_endpoint_exists" time="0.273" /><testcase classname="backend.tests.test_game_grade_analytics.TestQuestionRegenerationEndpoint" name="test_regenerate_returns_questions_array" time="0.184" /><testcase classname="backend.tests.test_game_grade_analytics.TestStudentStatsEndpoint" name="test_student_stats_endpoint_exists" time="0.249" /><testcase classname="backend.tests.test_game_grade_analytics.TestStudentStatsEndpoint" name="test_student_stats_contains_required_fields" time="0.208" /><testcase classname="backend.tests.test_game_grade_analytics.TestGameListWithGradeSettings" name="test_games_list_returns_grade_fields" time="0.176" /><testcase classname="backend.tests.test_game_grade_analytics.TestGetGameWithGradeSettings" name="test_get_game_returns_grade_fields" time="0.257" /></testsuite></testsuites>