<?xml version="1.0" encoding="utf-8"?><testsuites name="pytest tests"><testsuite name="pytest" errors="0" failures="0" skipped="0" tests="11" time="3.433" timestamp="2026-02-12T21:40:52.257755+00:00" hostname="agent-env-b3429664-2436-4071-b9c3-b7a54408c88c"><testcase classname="backend.tests.test_gradebook_gpa.TestGradebookGPA" name="test_login_success" time="0.281" /><testcase classname="backend.tests.test_gradebook_gpa.TestGradebookGPA" name="test_get_classes" time="0.310" /><testcase classname="backend.tests.test_gradebook_gpa.TestGradebookGPA" name="test_create_test_class_for_gradebook" time="0.273" /><testcase classname="backend.tests.test_gradebook_gpa.TestGradebookGPA" name="test_gradebook_endpoint" time="0.320" /><testcase classname="backend.tests.test_gradebook_gpa.TestCategoryManagement" name="test_get_categories" time="0.286" /><testcase classname="backend.tests.test_gradebook_gpa.TestCategoryManagement" name="test_create_category_with_bilingual_names" time="0.342" /><testcase classname="backend.tests.test_gradebook_gpa.TestCategoryManagement" name="test_update_category" time="0.348" /><testcase classname="backend.tests.test_gradebook_gpa.TestCategoryManagement" name="test_delete_category_without_assignments" time="0.311" /><testcase classname="backend.tests.test_gradebook_gpa.TestCategoryManagement" name="test_delete_category_with_assignments_fails" time="0.364" /><testcase classname="backend.tests.test_gradebook_gpa.TestGPACalculation" name="test_gpa_scale_reference" time="0.258" /><testcase classname="backend.tests.test_gradebook_gpa.TestCleanup" name="test_cleanup_test_data" time="0.287" /></testsuite></testsuites>