<?xml version="1.0" encoding="utf-8"?><testsuites name="pytest tests"><testsuite name="pytest" errors="0" failures="1" skipped="0" tests="20" time="35.352" timestamp="2026-02-19T23:11:28.364944+00:00" hostname="agent-env-9bda7edc-e0c5-4cce-9743-1844371f691f"><testcase classname="backend.tests.test_report_cards_games.TestAuthentication" name="test_login_success" time="0.521" /><testcase classname="backend.tests.test_report_cards_games.TestReportCards" name="test_report_card_endpoint_exists" time="0.443" /><testcase classname="backend.tests.test_report_cards_games.TestReportCards" name="test_add_grade_and_verify_in_report" time="0.124" /><testcase classname="backend.tests.test_report_cards_games.TestReportCards" name="test_report_card_with_invalid_student" time="0.055" /><testcase classname="backend.tests.test_report_cards_games.TestReportCards" name="test_report_card_with_invalid_class" time="0.062" /><testcase classname="backend.tests.test_report_cards_games.TestEducationalGames" name="test_games_list_endpoint" time="0.496" /><testcase classname="backend.tests.test_report_cards_games.TestEducationalGames" name="test_generate_quiz_game" time="4.595" /><testcase classname="backend.tests.test_report_cards_games.TestEducationalGames" name="test_generate_flashcards_game" time="3.443" /><testcase classname="backend.tests.test_report_cards_games.TestEducationalGames" name="test_generate_matching_game" time="2.810" /><testcase classname="backend.tests.test_report_cards_games.TestEducationalGames" name="test_generate_fill_blanks_game" time="4.413" /><testcase classname="backend.tests.test_report_cards_games.TestEducationalGames" name="test_generate_true_false_game" time="3.015" /><testcase classname="backend.tests.test_report_cards_games.TestEducationalGames" name="test_generate_word_search_game" time="4.590" /><testcase classname="backend.tests.test_report_cards_games.TestEducationalGames" name="test_generate_crossword_game" time="3.663" /><testcase classname="backend.tests.test_report_cards_games.TestEducationalGames" name="test_generate_drag_drop_game" time="2.397" /><testcase classname="backend.tests.test_report_cards_games.TestGameSaveAndPlay" name="test_save_and_retrieve_game" time="3.452" /><testcase classname="backend.tests.test_report_cards_games.TestGameSaveAndPlay" name="test_game_leaderboard" time="0.304" /><testcase classname="backend.tests.test_report_cards_games.TestGameSaveAndPlay" name="test_game_analytics" time="0.070" /><testcase classname="backend.tests.test_report_cards_games.TestGradebookIntegration" name="test_get_assignments" time="0.518" /><testcase classname="backend.tests.test_report_cards_games.TestGradebookIntegration" name="test_get_grades" time="0.087"><failure message="AssertionError: Grades fetch failed: {&quot;detail&quot;:&quot;Not Found&quot;}&#10;assert 404 == 200&#10; +  where 404 = &lt;Response [404]&gt;.status_code">backend/tests/test_report_cards_games.py:550: in test_get_grades
    assert response.status_code == 200, f"Grades fetch failed: {response.text}"
E   AssertionError: Grades fetch failed: {"detail":"Not Found"}
E   assert 404 == 200
E    +  where 404 = &lt;Response [404]&gt;.status_code</failure></testcase><testcase classname="backend.tests.test_report_cards_games.TestGradebookIntegration" name="test_full_grade_to_report_flow" time="0.183" /></testsuite></testsuites>