<?xml version="1.0" encoding="utf-8"?><testsuites name="pytest tests"><testsuite name="pytest" errors="0" failures="0" skipped="0" tests="8" time="1.678" timestamp="2026-02-17T22:17:17.274446+00:00" hostname="agent-env-0a25dbca-54b8-464e-9409-e9f795952519"><testcase classname="backend.tests.test_image_features.TestImageSearchAPI" name="test_image_search_returns_images" time="0.210" /><testcase classname="backend.tests.test_image_features.TestImageSearchAPI" name="test_image_search_custom_count" time="0.173" /><testcase classname="backend.tests.test_image_features.TestImageSearchAPI" name="test_image_search_returns_valid_urls" time="0.155" /><testcase classname="backend.tests.test_image_features.TestImageSearchAPI" name="test_image_search_deterministic_results" time="0.220" /><testcase classname="backend.tests.test_image_features.TestImageSearchAPI" name="test_image_search_different_queries_different_results" time="0.176" /><testcase classname="backend.tests.test_image_features.TestImageSearchAPI" name="test_image_search_requires_auth" time="0.170" /><testcase classname="backend.tests.test_image_features.TestImageSearchAPI" name="test_image_upload_endpoint_exists" time="0.120" /><testcase classname="backend.tests.test_image_features.TestImageURLValidation" name="test_picsum_url_accessible" time="0.392" /></testsuite></testsuites>