<?xml version="1.0" encoding="utf-8"?><testsuites name="pytest tests"><testsuite name="pytest" errors="0" failures="0" skipped="0" tests="13" time="11.735" timestamp="2026-08-24T15:42:48.137120+00:00" hostname="agent-env-35314b90-7fa0-45fe-8019-12ee022e88b0"><testcase classname="tests.test_student_360.TestStudent360" name="test_360_structure" time="0.744" /><testcase classname="tests.test_student_360.TestStudent360" name="test_timeline_sorted_newest_first" time="0.084" /><testcase classname="tests.test_student_360.TestStudent360" name="test_grade_average_sane" time="0.079" /><testcase classname="tests.test_student_360.TestStudent360" name="test_unknown_student_404" time="0.091" /><testcase classname="tests.test_student_360.TestStudent360" name="test_unauthenticated_rejected" time="0.125" /><testcase classname="tests.test_student_360.TestStudent360" name="test_other_teacher_student_forbidden" time="0.932" /><testcase classname="tests.test_student_360.TestStudentNotes" name="test_create_note_and_persist" time="0.309" /><testcase classname="tests.test_student_360.TestStudentNotes" name="test_empty_content_400" time="0.233" /><testcase classname="tests.test_student_360.TestStudentNotes" name="test_delete_unknown_note_404" time="0.091" /><testcase classname="tests.test_student_360.TestStudentNotes" name="test_notes_ordered_newest_first" time="0.396" /><testcase classname="tests.test_student_360.TestStudentInsight" name="test_get_cached_insight" time="0.105" /><testcase classname="tests.test_student_360.TestStudentInsight" name="test_generate_insight" time="8.394" /><testcase classname="tests.test_student_360.TestStudentInsight" name="test_insight_unknown_student_404" time="0.087" /></testsuite></testsuites>